# JRE version: OpenJDK Runtime Environment (11.0.13) (build 11.0.13+0-b1751.21-8125866)
# Java VM: OpenJDK 64-Bit Server VM (11.0.13+0-b1751.21-8125866, mixed mode, tiered, compressed oops, g1 gc, windows-amd64)
Heap:
 garbage-first heap   total 334848K, used 167936K [0x0000000080000000, 0x0000000100000000)
  region size 1024K, 2 young (2048K), 2 survivors (2048K)
 Metaspace       used 90016K, capacity 92100K, committed 92412K, reserved 1128448K
  class space    used 11777K, capacity 12594K, committed 12704K, reserved 1048576K
GC Heap History (20 events):
Event: 18.298 GC heap after
{Heap after GC invocations=21 (full 0):
 garbage-first heap   total 143360K, used 60071K [0x0000000080000000, 0x0000000100000000)
  region size 1024K, 5 young (5120K), 5 survivors (5120K)
 Metaspace       used 75110K, capacity 76711K, committed 76796K, reserved 1116160K
  class space    used 9780K, capacity 10392K, committed 10400K, reserved 1048576K
}
Event: 19.683 GC heap before
{Heap before GC invocations=21 (full 0):
 garbage-first heap   total 143360K, used 113319K [0x0000000080000000, 0x0000000100000000)
  region size 1024K, 57 young (58368K), 5 survivors (5120K)
 Metaspace       used 80492K, capacity 82348K, committed 82556K, reserved 1120256K
  class space    used 10525K, capacity 11207K, committed 11296K, reserved 1048576K
}
Event: 19.707 GC heap after
{Heap after GC invocations=22 (full 0):
 garbage-first heap   total 172032K, used 63624K [0x0000000080000000, 0x0000000100000000)
  region size 1024K, 8 young (8192K), 8 survivors (8192K)
 Metaspace       used 80492K, capacity 82348K, committed 82556K, reserved 1120256K
  class space    used 10525K, capacity 11207K, committed 11296K, reserved 1048576K
}
Event: 21.463 GC heap before
{Heap before GC invocations=22 (full 0):
 garbage-first heap   total 172032K, used 129160K [0x0000000080000000, 0x0000000100000000)
  region size 1024K, 73 young (74752K), 8 survivors (8192K)
 Metaspace       used 82156K, capacity 84232K, committed 84348K, reserved 1122304K
  class space    used 10727K, capacity 11514K, committed 11552K, reserved 1048576K
}
Event: 21.488 GC heap after
{Heap after GC invocations=23 (full 0):
 garbage-first heap   total 172032K, used 68930K [0x0000000080000000, 0x0000000100000000)
  region size 1024K, 10 young (10240K), 10 survivors (10240K)
 Metaspace       used 82156K, capacity 84232K, committed 84348K, reserved 1122304K
  class space    used 10727K, capacity 11514K, committed 11552K, reserved 1048576K
}
Event: 22.770 GC heap before
{Heap before GC invocations=23 (full 0):
 garbage-first heap   total 172032K, used 132418K [0x0000000080000000, 0x0000000100000000)
  region size 1024K, 73 young (74752K), 10 survivors (10240K)
 Metaspace       used 82884K, capacity 84943K, committed 85244K, reserved 1122304K
  class space    used 10757K, capacity 11565K, committed 11680K, reserved 1048576K
}
Event: 22.800 GC heap after
{Heap after GC invocations=24 (full 0):
 garbage-first heap   total 172032K, used 73615K [0x0000000080000000, 0x0000000100000000)
  region size 1024K, 10 young (10240K), 10 survivors (10240K)
 Metaspace       used 82884K, capacity 84943K, committed 85244K, reserved 1122304K
  class space    used 10757K, capacity 11565K, committed 11680K, reserved 1048576K
}
Event: 24.151 GC heap before
{Heap before GC invocations=24 (full 0):
 garbage-first heap   total 172032K, used 145295K [0x0000000080000000, 0x0000000100000000)
  region size 1024K, 72 young (73728K), 10 survivors (10240K)
 Metaspace       used 86131K, capacity 88261K, committed 88444K, reserved 1126400K
  class space    used 11141K, capacity 11958K, committed 12064K, reserved 1048576K
}
Event: 24.178 GC heap after
{Heap after GC invocations=25 (full 0):
 garbage-first heap   total 172032K, used 87274K [0x0000000080000000, 0x0000000100000000)
  region size 1024K, 5 young (5120K), 5 survivors (5120K)
 Metaspace       used 86131K, capacity 88261K, committed 88444K, reserved 1126400K
  class space    used 11141K, capacity 11958K, committed 12064K, reserved 1048576K
}
Event: 24.306 GC heap before
{Heap before GC invocations=25 (full 0):
 garbage-first heap   total 172032K, used 90346K [0x0000000080000000, 0x0000000100000000)
  region size 1024K, 10 young (10240K), 5 survivors (5120K)
 Metaspace       used 87103K, capacity 89211K, committed 89340K, reserved 1126400K
  class space    used 11267K, capacity 12107K, committed 12192K, reserved 1048576K
}
Event: 24.322 GC heap after
{Heap after GC invocations=26 (full 0):
 garbage-first heap   total 206848K, used 87768K [0x0000000080000000, 0x0000000100000000)
  region size 1024K, 6 young (6144K), 6 survivors (6144K)
 Metaspace       used 87103K, capacity 89211K, committed 89340K, reserved 1126400K
  class space    used 11267K, capacity 12107K, committed 12192K, reserved 1048576K
}
Event: 24.850 GC heap before
{Heap before GC invocations=27 (full 0):
 garbage-first heap   total 206848K, used 157400K [0x0000000080000000, 0x0000000100000000)
  region size 1024K, 44 young (45056K), 6 survivors (6144K)
 Metaspace       used 87287K, capacity 89355K, committed 89596K, reserved 1126400K
  class space    used 11280K, capacity 12088K, committed 12192K, reserved 1048576K
}
Event: 24.924 GC heap after
{Heap after GC invocations=28 (full 0):
 garbage-first heap   total 206848K, used 113609K [0x0000000080000000, 0x0000000100000000)
  region size 1024K, 9 young (9216K), 9 survivors (9216K)
 Metaspace       used 87287K, capacity 89355K, committed 89596K, reserved 1126400K
  class space    used 11280K, capacity 12088K, committed 12192K, reserved 1048576K
}
Event: 25.987 GC heap before
{Heap before GC invocations=29 (full 0):
 garbage-first heap   total 206848K, used 158665K [0x0000000080000000, 0x0000000100000000)
  region size 1024K, 53 young (54272K), 9 survivors (9216K)
 Metaspace       used 89648K, capacity 91735K, committed 91772K, reserved 1128448K
  class space    used 11729K, capacity 12559K, committed 12576K, reserved 1048576K
}
Event: 26.075 GC heap after
{Heap after GC invocations=30 (full 0):
 garbage-first heap   total 206848K, used 134144K [0x0000000080000000, 0x0000000100000000)
  region size 1024K, 7 young (7168K), 7 survivors (7168K)
 Metaspace       used 89648K, capacity 91735K, committed 91772K, reserved 1128448K
  class space    used 11729K, capacity 12559K, committed 12576K, reserved 1048576K
}
Event: 26.412 GC heap before
{Heap before GC invocations=30 (full 0):
 garbage-first heap   total 206848K, used 160768K [0x0000000080000000, 0x0000000100000000)
  region size 1024K, 34 young (34816K), 7 survivors (7168K)
 Metaspace       used 89661K, capacity 91738K, committed 91772K, reserved 1128448K
  class space    used 11729K, capacity 12559K, committed 12576K, reserved 1048576K
}
Event: 26.472 GC heap after
{Heap after GC invocations=31 (full 0):
 garbage-first heap   total 206848K, used 150016K [0x0000000080000000, 0x0000000100000000)
  region size 1024K, 5 young (5120K), 5 survivors (5120K)
 Metaspace       used 89661K, capacity 91738K, committed 91772K, reserved 1128448K
  class space    used 11729K, capacity 12559K, committed 12576K, reserved 1048576K
}
Event: 26.796 GC heap before
{Heap before GC invocations=31 (full 0):
 garbage-first heap   total 206848K, used 169472K [0x0000000080000000, 0x0000000100000000)
  region size 1024K, 22 young (22528K), 5 survivors (5120K)
 Metaspace       used 89664K, capacity 91738K, committed 91772K, reserved 1128448K
  class space    used 11729K, capacity 12559K, committed 12576K, reserved 1048576K
}
Event: 26.833 GC heap after
{Heap after GC invocations=32 (full 0):
 garbage-first heap   total 206848K, used 162304K [0x0000000080000000, 0x0000000100000000)
  region size 1024K, 3 young (3072K), 3 survivors (3072K)
 Metaspace       used 89664K, capacity 91738K, committed 91772K, reserved 1128448K
  class space    used 11729K, capacity 12559K, committed 12576K, reserved 1048576K
}
Event: 27.023 GC heap before
{Heap before GC invocations=32 (full 0):
 garbage-first heap   total 206848K, used 171520K [0x0000000080000000, 0x0000000100000000)
  region size 1024K, 13 young (13312K), 3 survivors (3072K)
 Metaspace       used 90016K, capacity 92100K, committed 92412K, reserved 1128448K
  class space    used 11777K, capacity 12594K, committed 12704K, reserved 1048576K
}

