# JRE version: OpenJDK Runtime Environment (11.0.13) (build 11.0.13+0-b1751.21-8125866)
# Java VM: OpenJDK 64-Bit Server VM (11.0.13+0-b1751.21-8125866, mixed mode, tiered, compressed oops, g1 gc, windows-amd64)
Heap:
 garbage-first heap   total 647168K, used 244736K [0x0000000080000000, 0x0000000100000000)
  region size 1024K, 2 young (2048K), 2 survivors (2048K)
 Metaspace       used 139851K, capacity 143453K, committed 143484K, reserved 1173504K
  class space    used 17155K, capacity 18611K, committed 18636K, reserved 1048576K
GC Heap History (20 events):
Event: 3213.221 GC heap after
{Heap after GC invocations=141 (full 0):
 garbage-first heap   total 474112K, used 253341K [0x0000000080000000, 0x0000000100000000)
  region size 1024K, 10 young (10240K), 10 survivors (10240K)
 Metaspace       used 139580K, capacity 143173K, committed 143228K, reserved 1173504K
  class space    used 17131K, capacity 18590K, committed 18636K, reserved 1048576K
}
Event: 3213.274 GC heap before
{Heap before GC invocations=141 (full 0):
 garbage-first heap   total 474112K, used 266653K [0x0000000080000000, 0x0000000100000000)
  region size 1024K, 23 young (23552K), 10 survivors (10240K)
 Metaspace       used 139597K, capacity 143173K, committed 143228K, reserved 1173504K
  class space    used 17131K, capacity 18590K, committed 18636K, reserved 1048576K
}
Event: 3213.345 GC heap after
{Heap after GC invocations=142 (full 0):
 garbage-first heap   total 474112K, used 231155K [0x0000000080000000, 0x0000000100000000)
  region size 1024K, 2 young (2048K), 2 survivors (2048K)
 Metaspace       used 139597K, capacity 143173K, committed 143228K, reserved 1173504K
  class space    used 17131K, capacity 18590K, committed 18636K, reserved 1048576K
}
Event: 3214.332 GC heap before
{Heap before GC invocations=142 (full 0):
 garbage-first heap   total 474112K, used 401139K [0x0000000080000000, 0x0000000100000000)
  region size 1024K, 168 young (172032K), 2 survivors (2048K)
 Metaspace       used 139620K, capacity 143243K, committed 143484K, reserved 1173504K
  class space    used 17132K, capacity 18591K, committed 18636K, reserved 1048576K
}
Event: 3214.364 GC heap after
{Heap after GC invocations=143 (full 0):
 garbage-first heap   total 474112K, used 235874K [0x0000000080000000, 0x0000000100000000)
  region size 1024K, 6 young (6144K), 6 survivors (6144K)
 Metaspace       used 139620K, capacity 143243K, committed 143484K, reserved 1173504K
  class space    used 17132K, capacity 18591K, committed 18636K, reserved 1048576K
}
Event: 3216.151 GC heap before
{Heap before GC invocations=144 (full 0):
 garbage-first heap   total 474112K, used 401762K [0x0000000080000000, 0x0000000100000000)
  region size 1024K, 170 young (174080K), 6 survivors (6144K)
 Metaspace       used 139662K, capacity 143259K, committed 143484K, reserved 1173504K
  class space    used 17133K, capacity 18594K, committed 18636K, reserved 1048576K
}
Event: 3216.172 GC heap after
{Heap after GC invocations=145 (full 0):
 garbage-first heap   total 474112K, used 235583K [0x0000000080000000, 0x0000000100000000)
  region size 1024K, 8 young (8192K), 8 survivors (8192K)
 Metaspace       used 139662K, capacity 143259K, committed 143484K, reserved 1173504K
  class space    used 17133K, capacity 18594K, committed 18636K, reserved 1048576K
}
Event: 3216.314 GC heap before
{Heap before GC invocations=145 (full 0):
 garbage-first heap   total 474112K, used 250943K [0x0000000080000000, 0x0000000100000000)
  region size 1024K, 23 young (23552K), 8 survivors (8192K)
 Metaspace       used 139664K, capacity 143259K, committed 143484K, reserved 1173504K
  class space    used 17133K, capacity 18594K, committed 18636K, reserved 1048576K
}
Event: 3216.386 GC heap after
{Heap after GC invocations=146 (full 0):
 garbage-first heap   total 474112K, used 212723K [0x0000000080000000, 0x0000000100000000)
  region size 1024K, 2 young (2048K), 2 survivors (2048K)
 Metaspace       used 139664K, capacity 143259K, committed 143484K, reserved 1173504K
  class space    used 17133K, capacity 18594K, committed 18636K, reserved 1048576K
}
Event: 3217.820 GC heap before
{Heap before GC invocations=146 (full 0):
 garbage-first heap   total 474112K, used 400115K [0x0000000080000000, 0x0000000100000000)
  region size 1024K, 186 young (190464K), 2 survivors (2048K)
 Metaspace       used 139728K, capacity 143336K, committed 143484K, reserved 1173504K
  class space    used 17140K, capacity 18597K, committed 18636K, reserved 1048576K
}
Event: 3217.858 GC heap after
{Heap after GC invocations=147 (full 0):
 garbage-first heap   total 474112K, used 226749K [0x0000000080000000, 0x0000000100000000)
  region size 1024K, 16 young (16384K), 16 survivors (16384K)
 Metaspace       used 139728K, capacity 143336K, committed 143484K, reserved 1173504K
  class space    used 17140K, capacity 18597K, committed 18636K, reserved 1048576K
}
Event: 3219.494 GC heap before
{Heap before GC invocations=148 (full 0):
 garbage-first heap   total 474112K, used 398781K [0x0000000080000000, 0x0000000100000000)
  region size 1024K, 181 young (185344K), 16 survivors (16384K)
 Metaspace       used 139754K, capacity 143344K, committed 143484K, reserved 1173504K
  class space    used 17140K, capacity 18598K, committed 18636K, reserved 1048576K
}
Event: 3219.564 GC heap after
{Heap after GC invocations=149 (full 0):
 garbage-first heap   total 474112K, used 242297K [0x0000000080000000, 0x0000000100000000)
  region size 1024K, 23 young (23552K), 23 survivors (23552K)
 Metaspace       used 139754K, capacity 143344K, committed 143484K, reserved 1173504K
  class space    used 17140K, capacity 18598K, committed 18636K, reserved 1048576K
}
Event: 3219.571 GC heap before
{Heap before GC invocations=149 (full 0):
 garbage-first heap   total 474112K, used 243321K [0x0000000080000000, 0x0000000100000000)
  region size 1024K, 24 young (24576K), 23 survivors (23552K)
 Metaspace       used 139754K, capacity 143344K, committed 143484K, reserved 1173504K
  class space    used 17140K, capacity 18598K, committed 18636K, reserved 1048576K
}
Event: 3219.632 GC heap after
{Heap after GC invocations=150 (full 0):
 garbage-first heap   total 474112K, used 233013K [0x0000000080000000, 0x0000000100000000)
  region size 1024K, 2 young (2048K), 2 survivors (2048K)
 Metaspace       used 139754K, capacity 143344K, committed 143484K, reserved 1173504K
  class space    used 17140K, capacity 18598K, committed 18636K, reserved 1048576K
}
Event: 3220.726 GC heap before
{Heap before GC invocations=150 (full 0):
 garbage-first heap   total 474112K, used 388661K [0x0000000080000000, 0x0000000100000000)
  region size 1024K, 155 young (158720K), 2 survivors (2048K)
 Metaspace       used 139777K, capacity 143354K, committed 143484K, reserved 1173504K
  class space    used 17144K, capacity 18601K, committed 18636K, reserved 1048576K
}
Event: 3220.817 GC heap after
{Heap after GC invocations=151 (full 0):
 garbage-first heap   total 474112K, used 257536K [0x0000000080000000, 0x0000000100000000)
  region size 1024K, 20 young (20480K), 20 survivors (20480K)
 Metaspace       used 139777K, capacity 143354K, committed 143484K, reserved 1173504K
  class space    used 17144K, capacity 18601K, committed 18636K, reserved 1048576K
}
Event: 3222.026 GC heap before
{Heap before GC invocations=152 (full 0):
 garbage-first heap   total 474112K, used 384512K [0x0000000080000000, 0x0000000100000000)
  region size 1024K, 146 young (149504K), 20 survivors (20480K)
 Metaspace       used 139847K, capacity 143453K, committed 143484K, reserved 1173504K
  class space    used 17155K, capacity 18611K, committed 18636K, reserved 1048576K
}
Event: 3222.117 GC heap after
{Heap after GC invocations=153 (full 0):
 garbage-first heap   total 474112K, used 270848K [0x0000000080000000, 0x0000000100000000)
  region size 1024K, 16 young (16384K), 16 survivors (16384K)
 Metaspace       used 139847K, capacity 143453K, committed 143484K, reserved 1173504K
  class space    used 17155K, capacity 18611K, committed 18636K, reserved 1048576K
}
Event: 3222.153 GC heap before
{Heap before GC invocations=153 (full 0):
 garbage-first heap   total 474112K, used 278016K [0x0000000080000000, 0x0000000100000000)
  region size 1024K, 23 young (23552K), 16 survivors (16384K)
 Metaspace       used 139851K, capacity 143453K, committed 143484K, reserved 1173504K
  class space    used 17155K, capacity 18611K, committed 18636K, reserved 1048576K
}

