# JRE version: OpenJDK Runtime Environment (11.0.13) (build 11.0.13+0-b1751.21-8125866)
# Java VM: OpenJDK 64-Bit Server VM (11.0.13+0-b1751.21-8125866, mixed mode, tiered, compressed oops, g1 gc, windows-amd64)
Heap:
 garbage-first heap   total 172032K, used 109521K [0x0000000080000000, 0x0000000100000000)
  region size 1024K, 53 young (54272K), 7 survivors (7168K)
 Metaspace       used 81747K, capacity 83746K, committed 83920K, reserved 1122304K
  class space    used 10676K, capacity 11440K, committed 11552K, reserved 1048576K
GC Heap History (20 events):
Event: 10.914 GC heap before
{Heap before GC invocations=10 (full 0):
 garbage-first heap   total 118784K, used 67031K [0x0000000080000000, 0x0000000100000000)
  region size 1024K, 50 young (51200K), 9 survivors (9216K)
 Metaspace       used 42063K, capacity 42975K, committed 43088K, reserved 1087488K
  class space    used 5339K, capacity 5730K, committed 5792K, reserved 1048576K
}
Event: 10.943 GC heap after
{Heap after GC invocations=11 (full 0):
 garbage-first heap   total 118784K, used 29115K [0x0000000080000000, 0x0000000100000000)
  region size 1024K, 3 young (3072K), 3 survivors (3072K)
 Metaspace       used 42063K, capacity 42975K, committed 43088K, reserved 1087488K
  class space    used 5339K, capacity 5730K, committed 5792K, reserved 1048576K
}
Event: 11.804 GC heap before
{Heap before GC invocations=12 (full 0):
 garbage-first heap   total 118784K, used 80315K [0x0000000080000000, 0x0000000100000000)
  region size 1024K, 53 young (54272K), 3 survivors (3072K)
 Metaspace       used 46595K, capacity 47670K, committed 47824K, reserved 1091584K
  class space    used 5913K, capacity 6314K, committed 6432K, reserved 1048576K
}
Event: 11.815 GC heap after
{Heap after GC invocations=13 (full 0):
 garbage-first heap   total 143360K, used 30326K [0x0000000080000000, 0x0000000100000000)
  region size 1024K, 5 young (5120K), 5 survivors (5120K)
 Metaspace       used 46595K, capacity 47670K, committed 47824K, reserved 1091584K
  class space    used 5913K, capacity 6314K, committed 6432K, reserved 1048576K
}
Event: 13.385 GC heap before
{Heap before GC invocations=13 (full 0):
 garbage-first heap   total 143360K, used 96886K [0x0000000080000000, 0x0000000100000000)
  region size 1024K, 66 young (67584K), 5 survivors (5120K)
 Metaspace       used 49916K, capacity 51208K, committed 51280K, reserved 1093632K
  class space    used 6300K, capacity 6799K, committed 6816K, reserved 1048576K
}
Event: 13.402 GC heap after
{Heap after GC invocations=14 (full 0):
 garbage-first heap   total 143360K, used 41828K [0x0000000080000000, 0x0000000100000000)
  region size 1024K, 9 young (9216K), 9 survivors (9216K)
 Metaspace       used 49916K, capacity 51208K, committed 51280K, reserved 1093632K
  class space    used 6300K, capacity 6799K, committed 6816K, reserved 1048576K
}
Event: 14.817 GC heap before
{Heap before GC invocations=14 (full 0):
 garbage-first heap   total 143360K, used 100196K [0x0000000080000000, 0x0000000100000000)
  region size 1024K, 66 young (67584K), 9 survivors (9216K)
 Metaspace       used 58166K, capacity 59519K, committed 59856K, reserved 1101824K
  class space    used 7327K, capacity 7881K, committed 7968K, reserved 1048576K
}
Event: 14.837 GC heap after
{Heap after GC invocations=15 (full 0):
 garbage-first heap   total 143360K, used 44175K [0x0000000080000000, 0x0000000100000000)
  region size 1024K, 3 young (3072K), 3 survivors (3072K)
 Metaspace       used 58166K, capacity 59519K, committed 59856K, reserved 1101824K
  class space    used 7327K, capacity 7881K, committed 7968K, reserved 1048576K
}
Event: 16.110 GC heap before
{Heap before GC invocations=15 (full 0):
 garbage-first heap   total 143360K, used 108687K [0x0000000080000000, 0x0000000100000000)
  region size 1024K, 60 young (61440K), 3 survivors (3072K)
 Metaspace       used 63222K, capacity 64659K, committed 64848K, reserved 1105920K
  class space    used 7942K, capacity 8498K, committed 8608K, reserved 1048576K
}
Event: 16.123 GC heap after
{Heap after GC invocations=16 (full 0):
 garbage-first heap   total 143360K, used 49155K [0x0000000080000000, 0x0000000100000000)
  region size 1024K, 8 young (8192K), 8 survivors (8192K)
 Metaspace       used 63222K, capacity 64659K, committed 64848K, reserved 1105920K
  class space    used 7942K, capacity 8498K, committed 8608K, reserved 1048576K
}
Event: 16.336 GC heap before
{Heap before GC invocations=16 (full 0):
 garbage-first heap   total 143360K, used 63491K [0x0000000080000000, 0x0000000100000000)
  region size 1024K, 22 young (22528K), 8 survivors (8192K)
 Metaspace       used 64038K, capacity 65495K, committed 65744K, reserved 1105920K
  class space    used 8054K, capacity 8627K, committed 8736K, reserved 1048576K
}
Event: 16.348 GC heap after
{Heap after GC invocations=17 (full 0):
 garbage-first heap   total 143360K, used 50575K [0x0000000080000000, 0x0000000100000000)
  region size 1024K, 2 young (2048K), 2 survivors (2048K)
 Metaspace       used 64038K, capacity 65495K, committed 65744K, reserved 1105920K
  class space    used 8054K, capacity 8627K, committed 8736K, reserved 1048576K
}
Event: 17.100 GC heap before
{Heap before GC invocations=17 (full 0):
 garbage-first heap   total 143360K, used 104847K [0x0000000080000000, 0x0000000100000000)
  region size 1024K, 54 young (55296K), 2 survivors (2048K)
 Metaspace       used 65489K, capacity 67043K, committed 67152K, reserved 1107968K
  class space    used 8254K, capacity 8837K, committed 8864K, reserved 1048576K
}
Event: 17.110 GC heap after
{Heap after GC invocations=18 (full 0):
 garbage-first heap   total 143360K, used 53757K [0x0000000080000000, 0x0000000100000000)
  region size 1024K, 5 young (5120K), 5 survivors (5120K)
 Metaspace       used 65489K, capacity 67043K, committed 67152K, reserved 1107968K
  class space    used 8254K, capacity 8837K, committed 8864K, reserved 1048576K
}
Event: 18.105 GC heap before
{Heap before GC invocations=18 (full 0):
 garbage-first heap   total 143360K, used 93693K [0x0000000080000000, 0x0000000100000000)
  region size 1024K, 45 young (46080K), 5 survivors (5120K)
 Metaspace       used 70490K, capacity 72017K, committed 72144K, reserved 1112064K
  class space    used 9080K, capacity 9678K, committed 9760K, reserved 1048576K
}
Event: 18.119 GC heap after
{Heap after GC invocations=19 (full 0):
 garbage-first heap   total 143360K, used 56590K [0x0000000080000000, 0x0000000100000000)
  region size 1024K, 7 young (7168K), 7 survivors (7168K)
 Metaspace       used 70490K, capacity 72017K, committed 72144K, reserved 1112064K
  class space    used 9080K, capacity 9678K, committed 9760K, reserved 1048576K
}
Event: 19.571 GC heap before
{Heap before GC invocations=20 (full 0):
 garbage-first heap   total 143360K, used 108814K [0x0000000080000000, 0x0000000100000000)
  region size 1024K, 58 young (59392K), 7 survivors (7168K)
 Metaspace       used 74740K, capacity 76436K, committed 76624K, reserved 1116160K
  class space    used 9673K, capacity 10296K, committed 10400K, reserved 1048576K
}
Event: 19.591 GC heap after
{Heap after GC invocations=21 (full 0):
 garbage-first heap   total 143360K, used 59985K [0x0000000080000000, 0x0000000100000000)
  region size 1024K, 6 young (6144K), 6 survivors (6144K)
 Metaspace       used 74740K, capacity 76436K, committed 76624K, reserved 1116160K
  class space    used 9673K, capacity 10296K, committed 10400K, reserved 1048576K
}
Event: 20.922 GC heap before
{Heap before GC invocations=21 (full 0):
 garbage-first heap   total 143360K, used 112209K [0x0000000080000000, 0x0000000100000000)
  region size 1024K, 57 young (58368K), 6 survivors (6144K)
 Metaspace       used 80327K, capacity 82167K, committed 82384K, reserved 1120256K
  class space    used 10497K, capacity 11192K, committed 11296K, reserved 1048576K
}
Event: 20.940 GC heap after
{Heap after GC invocations=22 (full 0):
 garbage-first heap   total 172032K, used 63441K [0x0000000080000000, 0x0000000100000000)
  region size 1024K, 7 young (7168K), 7 survivors (7168K)
 Metaspace       used 80327K, capacity 82167K, committed 82384K, reserved 1120256K
  class space    used 10497K, capacity 11192K, committed 11296K, reserved 1048576K
}

