# JRE version: OpenJDK Runtime Environment (11.0.13) (build 11.0.13+0-b1751.21-8125866)
# Java VM: OpenJDK 64-Bit Server VM (11.0.13+0-b1751.21-8125866, mixed mode, tiered, compressed oops, g1 gc, windows-amd64)
Heap:
 garbage-first heap   total 206848K, used 165376K [0x0000000080000000, 0x0000000100000000)
  region size 1024K, 20 young (20480K), 5 survivors (5120K)
 Metaspace       used 89697K, capacity 91850K, committed 92112K, reserved 1128448K
  class space    used 11736K, capacity 12572K, committed 12672K, reserved 1048576K
GC Heap History (20 events):
Event: 16.120 GC heap before
{Heap before GC invocations=18 (full 0):
 garbage-first heap   total 143360K, used 103144K [0x0000000080000000, 0x0000000100000000)
  region size 1024K, 58 young (59392K), 8 survivors (8192K)
 Metaspace       used 65230K, capacity 66840K, committed 67024K, reserved 1107968K
  class space    used 8234K, capacity 8809K, committed 8832K, reserved 1048576K
}
Event: 16.141 GC heap after
{Heap after GC invocations=19 (full 0):
 garbage-first heap   total 143360K, used 54865K [0x0000000080000000, 0x0000000100000000)
  region size 1024K, 4 young (4096K), 4 survivors (4096K)
 Metaspace       used 65230K, capacity 66840K, committed 67024K, reserved 1107968K
  class space    used 8234K, capacity 8809K, committed 8832K, reserved 1048576K
}
Event: 17.519 GC heap before
{Heap before GC invocations=19 (full 0):
 garbage-first heap   total 143360K, used 111185K [0x0000000080000000, 0x0000000100000000)
  region size 1024K, 59 young (60416K), 4 survivors (4096K)
 Metaspace       used 70775K, capacity 72343K, committed 72528K, reserved 1112064K
  class space    used 9121K, capacity 9718K, committed 9728K, reserved 1048576K
}
Event: 17.538 GC heap after
{Heap after GC invocations=20 (full 0):
 garbage-first heap   total 172032K, used 57806K [0x0000000080000000, 0x0000000100000000)
  region size 1024K, 7 young (7168K), 7 survivors (7168K)
 Metaspace       used 70775K, capacity 72343K, committed 72528K, reserved 1112064K
  class space    used 9121K, capacity 9718K, committed 9728K, reserved 1048576K
}
Event: 19.137 GC heap before
{Heap before GC invocations=20 (full 0):
 garbage-first heap   total 172032K, used 127438K [0x0000000080000000, 0x0000000100000000)
  region size 1024K, 75 young (76800K), 7 survivors (7168K)
 Metaspace       used 77835K, capacity 79576K, committed 79824K, reserved 1118208K
  class space    used 10118K, capacity 10796K, committed 10880K, reserved 1048576K
}
Event: 19.164 GC heap after
{Heap after GC invocations=21 (full 0):
 garbage-first heap   total 172032K, used 61835K [0x0000000080000000, 0x0000000100000000)
  region size 1024K, 8 young (8192K), 8 survivors (8192K)
 Metaspace       used 77835K, capacity 79576K, committed 79824K, reserved 1118208K
  class space    used 10118K, capacity 10796K, committed 10880K, reserved 1048576K
}
Event: 20.937 GC heap before
{Heap before GC invocations=21 (full 0):
 garbage-first heap   total 172032K, used 131467K [0x0000000080000000, 0x0000000100000000)
  region size 1024K, 77 young (78848K), 8 survivors (8192K)
 Metaspace       used 81653K, capacity 83670K, committed 83792K, reserved 1122304K
  class space    used 10687K, capacity 11458K, committed 11520K, reserved 1048576K
}
Event: 20.967 GC heap after
{Heap after GC invocations=22 (full 0):
 garbage-first heap   total 172032K, used 67642K [0x0000000080000000, 0x0000000100000000)
  region size 1024K, 10 young (10240K), 10 survivors (10240K)
 Metaspace       used 81653K, capacity 83670K, committed 83792K, reserved 1122304K
  class space    used 10687K, capacity 11458K, committed 11520K, reserved 1048576K
}
Event: 22.991 GC heap before
{Heap before GC invocations=22 (full 0):
 garbage-first heap   total 172032K, used 135226K [0x0000000080000000, 0x0000000100000000)
  region size 1024K, 77 young (78848K), 10 survivors (10240K)
 Metaspace       used 82602K, capacity 84711K, committed 84944K, reserved 1122304K
  class space    used 10742K, capacity 11560K, committed 11648K, reserved 1048576K
}
Event: 23.019 GC heap after
{Heap after GC invocations=23 (full 0):
 garbage-first heap   total 172032K, used 72862K [0x0000000080000000, 0x0000000100000000)
  region size 1024K, 6 young (6144K), 6 survivors (6144K)
 Metaspace       used 82602K, capacity 84711K, committed 84944K, reserved 1122304K
  class space    used 10742K, capacity 11560K, committed 11648K, reserved 1048576K
}
Event: 24.435 GC heap before
{Heap before GC invocations=23 (full 0):
 garbage-first heap   total 172032K, used 136350K [0x0000000080000000, 0x0000000100000000)
  region size 1024K, 69 young (70656K), 6 survivors (6144K)
 Metaspace       used 83111K, capacity 85187K, committed 85456K, reserved 1124352K
  class space    used 10774K, capacity 11571K, committed 11648K, reserved 1048576K
}
Event: 24.456 GC heap after
{Heap after GC invocations=24 (full 0):
 garbage-first heap   total 206848K, used 76800K [0x0000000080000000, 0x0000000100000000)
  region size 1024K, 4 young (4096K), 4 survivors (4096K)
 Metaspace       used 83111K, capacity 85187K, committed 85456K, reserved 1124352K
  class space    used 10774K, capacity 11571K, committed 11648K, reserved 1048576K
}
Event: 25.204 GC heap before
{Heap before GC invocations=24 (full 0):
 garbage-first heap   total 206848K, used 124928K [0x0000000080000000, 0x0000000100000000)
  region size 1024K, 33 young (33792K), 4 survivors (4096K)
 Metaspace       used 87106K, capacity 89225K, committed 89296K, reserved 1126400K
  class space    used 11268K, capacity 12108K, committed 12160K, reserved 1048576K
}
Event: 25.231 GC heap after
{Heap after GC invocations=25 (full 0):
 garbage-first heap   total 206848K, used 99957K [0x0000000080000000, 0x0000000100000000)
  region size 1024K, 7 young (7168K), 7 survivors (7168K)
 Metaspace       used 87106K, capacity 89225K, committed 89296K, reserved 1126400K
  class space    used 11268K, capacity 12108K, committed 12160K, reserved 1048576K
}
Event: 25.828 GC heap before
{Heap before GC invocations=26 (full 0):
 garbage-first heap   total 206848K, used 159349K [0x0000000080000000, 0x0000000100000000)
  region size 1024K, 46 young (47104K), 7 survivors (7168K)
 Metaspace       used 87295K, capacity 89369K, committed 89552K, reserved 1126400K
  class space    used 11281K, capacity 12089K, committed 12160K, reserved 1048576K
}
Event: 25.905 GC heap after
{Heap after GC invocations=27 (full 0):
 garbage-first heap   total 206848K, used 114089K [0x0000000080000000, 0x0000000100000000)
  region size 1024K, 8 young (8192K), 8 survivors (8192K)
 Metaspace       used 87295K, capacity 89369K, committed 89552K, reserved 1126400K
  class space    used 11281K, capacity 12089K, committed 12160K, reserved 1048576K
}
Event: 26.992 GC heap before
{Heap before GC invocations=28 (full 0):
 garbage-first heap   total 206848K, used 158121K [0x0000000080000000, 0x0000000100000000)
  region size 1024K, 50 young (51200K), 8 survivors (8192K)
 Metaspace       used 89630K, capacity 91783K, committed 92112K, reserved 1128448K
  class space    used 11736K, capacity 12572K, committed 12672K, reserved 1048576K
}
Event: 27.084 GC heap after
{Heap after GC invocations=29 (full 0):
 garbage-first heap   total 206848K, used 134085K [0x0000000080000000, 0x0000000100000000)
  region size 1024K, 7 young (7168K), 7 survivors (7168K)
 Metaspace       used 89630K, capacity 91783K, committed 92112K, reserved 1128448K
  class space    used 11736K, capacity 12572K, committed 12672K, reserved 1048576K
}
Event: 27.439 GC heap before
{Heap before GC invocations=29 (full 0):
 garbage-first heap   total 206848K, used 161733K [0x0000000080000000, 0x0000000100000000)
  region size 1024K, 34 young (34816K), 7 survivors (7168K)
 Metaspace       used 89695K, capacity 91850K, committed 92112K, reserved 1128448K
  class space    used 11736K, capacity 12572K, committed 12672K, reserved 1048576K
}
Event: 27.517 GC heap after
{Heap after GC invocations=30 (full 0):
 garbage-first heap   total 206848K, used 148992K [0x0000000080000000, 0x0000000100000000)
  region size 1024K, 5 young (5120K), 5 survivors (5120K)
 Metaspace       used 89695K, capacity 91850K, committed 92112K, reserved 1128448K
  class space    used 11736K, capacity 12572K, committed 12672K, reserved 1048576K
}

