# JRE version: OpenJDK Runtime Environment (11.0.13) (build 11.0.13+0-b1751.21-8125866)
# Java VM: OpenJDK 64-Bit Server VM (11.0.13+0-b1751.21-8125866, mixed mode, tiered, compressed oops, g1 gc, windows-amd64)
Heap:
 garbage-first heap   total 397312K, used 210255K [0x0000000080000000, 0x0000000100000000)
  region size 1024K, 3 young (3072K), 3 survivors (3072K)
 Metaspace       used 124237K, capacity 127571K, committed 127952K, reserved 1161216K
  class space    used 15511K, capacity 16763K, committed 16928K, reserved 1048576K
GC Heap History (20 events):
Event: 45.949 GC heap after
{Heap after GC invocations=41 (full 0):
 garbage-first heap   total 206848K, used 108244K [0x0000000080000000, 0x0000000100000000)
  region size 1024K, 6 young (6144K), 6 survivors (6144K)
 Metaspace       used 109307K, capacity 111939K, committed 112208K, reserved 1146880K
  class space    used 13473K, capacity 14381K, committed 14496K, reserved 1048576K
}
Event: 47.224 GC heap before
{Heap before GC invocations=42 (full 0):
 garbage-first heap   total 206848K, used 165588K [0x0000000080000000, 0x0000000100000000)
  region size 1024K, 59 young (60416K), 6 survivors (6144K)
 Metaspace       used 115371K, capacity 118182K, committed 118480K, reserved 1153024K
  class space    used 14295K, capacity 15310K, committed 15392K, reserved 1048576K
}
Event: 47.252 GC heap after
{Heap after GC invocations=43 (full 0):
 garbage-first heap   total 206848K, used 119392K [0x0000000080000000, 0x0000000100000000)
  region size 1024K, 8 young (8192K), 8 survivors (8192K)
 Metaspace       used 115371K, capacity 118182K, committed 118480K, reserved 1153024K
  class space    used 14295K, capacity 15310K, committed 15392K, reserved 1048576K
}
Event: 47.295 GC heap before
{Heap before GC invocations=43 (full 0):
 garbage-first heap   total 206848K, used 121440K [0x0000000080000000, 0x0000000100000000)
  region size 1024K, 10 young (10240K), 8 survivors (8192K)
 Metaspace       used 115705K, capacity 118647K, committed 118864K, reserved 1153024K
  class space    used 14405K, capacity 15507K, committed 15520K, reserved 1048576K
}
Event: 47.318 GC heap after
{Heap after GC invocations=44 (full 0):
 garbage-first heap   total 206848K, used 116048K [0x0000000080000000, 0x0000000100000000)
  region size 1024K, 2 young (2048K), 2 survivors (2048K)
 Metaspace       used 115705K, capacity 118647K, committed 118864K, reserved 1153024K
  class space    used 14405K, capacity 15507K, committed 15520K, reserved 1048576K
}
Event: 48.940 GC heap before
{Heap before GC invocations=44 (full 0):
 garbage-first heap   total 206848K, used 164176K [0x0000000080000000, 0x0000000100000000)
  region size 1024K, 49 young (50176K), 2 survivors (2048K)
 Metaspace       used 121858K, capacity 125263K, committed 125520K, reserved 1159168K
  class space    used 15208K, capacity 16516K, committed 16544K, reserved 1048576K
}
Event: 48.952 GC heap after
{Heap after GC invocations=45 (full 0):
 garbage-first heap   total 206848K, used 117196K [0x0000000080000000, 0x0000000100000000)
  region size 1024K, 3 young (3072K), 3 survivors (3072K)
 Metaspace       used 121858K, capacity 125263K, committed 125520K, reserved 1159168K
  class space    used 15208K, capacity 16516K, committed 16544K, reserved 1048576K
}
Event: 50.378 GC heap before
{Heap before GC invocations=46 (full 0):
 garbage-first heap   total 206848K, used 205260K [0x0000000080000000, 0x0000000100000000)
  region size 1024K, 49 young (50176K), 3 survivors (3072K)
 Metaspace       used 122771K, capacity 126032K, committed 126416K, reserved 1159168K
  class space    used 15248K, capacity 16497K, committed 16672K, reserved 1048576K
}
Event: 50.417 GC heap after
{Heap after GC invocations=47 (full 0):
 garbage-first heap   total 223232K, used 147172K [0x0000000080000000, 0x0000000100000000)
  region size 1024K, 7 young (7168K), 7 survivors (7168K)
 Metaspace       used 122771K, capacity 126032K, committed 126416K, reserved 1159168K
  class space    used 15248K, capacity 16497K, committed 16672K, reserved 1048576K
}
Event: 50.448 GC heap before
{Heap before GC invocations=47 (full 0):
 garbage-first heap   total 223232K, used 149220K [0x0000000080000000, 0x0000000100000000)
  region size 1024K, 10 young (10240K), 7 survivors (7168K)
 Metaspace       used 122771K, capacity 126032K, committed 126416K, reserved 1159168K
  class space    used 15248K, capacity 16497K, committed 16672K, reserved 1048576K
}
Event: 50.472 GC heap after
{Heap after GC invocations=48 (full 0):
 garbage-first heap   total 223232K, used 144683K [0x0000000080000000, 0x0000000100000000)
  region size 1024K, 2 young (2048K), 2 survivors (2048K)
 Metaspace       used 122771K, capacity 126032K, committed 126416K, reserved 1159168K
  class space    used 15248K, capacity 16497K, committed 16672K, reserved 1048576K
}
Event: 51.209 GC heap before
{Heap before GC invocations=48 (full 0):
 garbage-first heap   total 223232K, used 178475K [0x0000000080000000, 0x0000000100000000)
  region size 1024K, 35 young (35840K), 2 survivors (2048K)
 Metaspace       used 123969K, capacity 127261K, committed 127440K, reserved 1159168K
  class space    used 15502K, capacity 16755K, committed 16928K, reserved 1048576K
}
Event: 51.252 GC heap after
{Heap after GC invocations=49 (full 0):
 garbage-first heap   total 268288K, used 160763K [0x0000000080000000, 0x0000000100000000)
  region size 1024K, 5 young (5120K), 5 survivors (5120K)
 Metaspace       used 123969K, capacity 127261K, committed 127440K, reserved 1159168K
  class space    used 15502K, capacity 16755K, committed 16928K, reserved 1048576K
}
Event: 52.060 GC heap before
{Heap before GC invocations=49 (full 0):
 garbage-first heap   total 268288K, used 208891K [0x0000000080000000, 0x0000000100000000)
  region size 1024K, 51 young (52224K), 5 survivors (5120K)
 Metaspace       used 124013K, capacity 127267K, committed 127440K, reserved 1159168K
  class space    used 15503K, capacity 16756K, committed 16928K, reserved 1048576K
}
Event: 52.151 GC heap after
{Heap after GC invocations=50 (full 0):
 garbage-first heap   total 268288K, used 187877K [0x0000000080000000, 0x0000000100000000)
  region size 1024K, 7 young (7168K), 7 survivors (7168K)
 Metaspace       used 124013K, capacity 127267K, committed 127440K, reserved 1159168K
  class space    used 15503K, capacity 16756K, committed 16928K, reserved 1048576K
}
Event: 52.732 GC heap before
{Heap before GC invocations=50 (full 0):
 garbage-first heap   total 268288K, used 212453K [0x0000000080000000, 0x0000000100000000)
  region size 1024K, 32 young (32768K), 7 survivors (7168K)
 Metaspace       used 124134K, capacity 127422K, committed 127696K, reserved 1161216K
  class space    used 15510K, capacity 16762K, committed 16928K, reserved 1048576K
}
Event: 52.775 GC heap after
{Heap after GC invocations=51 (full 0):
 garbage-first heap   total 268288K, used 199680K [0x0000000080000000, 0x0000000100000000)
  region size 1024K, 4 young (4096K), 4 survivors (4096K)
 Metaspace       used 124134K, capacity 127422K, committed 127696K, reserved 1161216K
  class space    used 15510K, capacity 16762K, committed 16928K, reserved 1048576K
}
Event: 53.133 GC heap before
{Heap before GC invocations=51 (full 0):
 garbage-first heap   total 268288K, used 219136K [0x0000000080000000, 0x0000000100000000)
  region size 1024K, 23 young (23552K), 4 survivors (4096K)
 Metaspace       used 124197K, capacity 127498K, committed 127696K, reserved 1161216K
  class space    used 15510K, capacity 16762K, committed 16928K, reserved 1048576K
}
Event: 53.156 GC heap after
{Heap after GC invocations=52 (full 0):
 garbage-first heap   total 268288K, used 204288K [0x0000000080000000, 0x0000000100000000)
  region size 1024K, 3 young (3072K), 3 survivors (3072K)
 Metaspace       used 124197K, capacity 127498K, committed 127696K, reserved 1161216K
  class space    used 15510K, capacity 16762K, committed 16928K, reserved 1048576K
}
Event: 53.606 GC heap before
{Heap before GC invocations=52 (full 0):
 garbage-first heap   total 268288K, used 222720K [0x0000000080000000, 0x0000000100000000)
  region size 1024K, 21 young (21504K), 3 survivors (3072K)
 Metaspace       used 124237K, capacity 127571K, committed 127952K, reserved 1161216K
  class space    used 15511K, capacity 16763K, committed 16928K, reserved 1048576K
}

