# JRE version: OpenJDK Runtime Environment (11.0.13) (build 11.0.13+0-b1751.21-8125866)
# Java VM: OpenJDK 64-Bit Server VM (11.0.13+0-b1751.21-8125866, mixed mode, tiered, compressed oops, g1 gc, windows-amd64)
Heap:
 garbage-first heap   total 224256K, used 113664K [0x0000000080000000, 0x0000000100000000)
  region size 1024K, 8 young (8192K), 8 survivors (8192K)
 Metaspace       used 87502K, capacity 89645K, committed 89892K, reserved 1126400K
  class space    used 11310K, capacity 12140K, committed 12236K, reserved 1048576K
GC Heap History (20 events):
Event: 12.395 GC heap after
{Heap after GC invocations=14 (full 0):
 garbage-first heap   total 143360K, used 42318K [0x0000000080000000, 0x0000000100000000)
  region size 1024K, 8 young (8192K), 8 survivors (8192K)
 Metaspace       used 49091K, capacity 50415K, committed 50596K, reserved 1093632K
  class space    used 6205K, capacity 6684K, committed 6732K, reserved 1048576K
}
Event: 14.318 GC heap before
{Heap before GC invocations=14 (full 0):
 garbage-first heap   total 143360K, used 102734K [0x0000000080000000, 0x0000000100000000)
  region size 1024K, 67 young (68608K), 8 survivors (8192K)
 Metaspace       used 57199K, capacity 58582K, committed 58788K, reserved 1099776K
  class space    used 7199K, capacity 7739K, committed 7756K, reserved 1048576K
}
Event: 14.335 GC heap after
{Heap after GC invocations=15 (full 0):
 garbage-first heap   total 143360K, used 45039K [0x0000000080000000, 0x0000000100000000)
  region size 1024K, 3 young (3072K), 3 survivors (3072K)
 Metaspace       used 57199K, capacity 58582K, committed 58788K, reserved 1099776K
  class space    used 7199K, capacity 7739K, committed 7756K, reserved 1048576K
}
Event: 16.279 GC heap before
{Heap before GC invocations=15 (full 0):
 garbage-first heap   total 143360K, used 112623K [0x0000000080000000, 0x0000000100000000)
  region size 1024K, 63 young (64512K), 3 survivors (3072K)
 Metaspace       used 63235K, capacity 64725K, committed 64932K, reserved 1105920K
  class space    used 7937K, capacity 8478K, committed 8524K, reserved 1048576K
}
Event: 16.294 GC heap after
{Heap after GC invocations=16 (full 0):
 garbage-first heap   total 143360K, used 49912K [0x0000000080000000, 0x0000000100000000)
  region size 1024K, 8 young (8192K), 8 survivors (8192K)
 Metaspace       used 63235K, capacity 64725K, committed 64932K, reserved 1105920K
  class space    used 7937K, capacity 8478K, committed 8524K, reserved 1048576K
}
Event: 17.621 GC heap before
{Heap before GC invocations=16 (full 0):
 garbage-first heap   total 143360K, used 108280K [0x0000000080000000, 0x0000000100000000)
  region size 1024K, 65 young (66560K), 8 survivors (8192K)
 Metaspace       used 65473K, capacity 67027K, committed 67108K, reserved 1107968K
  class space    used 8249K, capacity 8850K, committed 8908K, reserved 1048576K
}
Event: 17.643 GC heap after
{Heap after GC invocations=17 (full 0):
 garbage-first heap   total 143360K, used 54110K [0x0000000080000000, 0x0000000100000000)
  region size 1024K, 5 young (5120K), 5 survivors (5120K)
 Metaspace       used 65473K, capacity 67027K, committed 67108K, reserved 1107968K
  class space    used 8249K, capacity 8850K, committed 8908K, reserved 1048576K
}
Event: 18.974 GC heap before
{Heap before GC invocations=17 (full 0):
 garbage-first heap   total 143360K, used 98142K [0x0000000080000000, 0x0000000100000000)
  region size 1024K, 49 young (50176K), 5 survivors (5120K)
 Metaspace       used 69912K, capacity 71374K, committed 71460K, reserved 1112064K
  class space    used 8979K, capacity 9593K, committed 9676K, reserved 1048576K
}
Event: 18.988 GC heap after
{Heap after GC invocations=18 (full 0):
 garbage-first heap   total 143360K, used 56882K [0x0000000080000000, 0x0000000100000000)
  region size 1024K, 7 young (7168K), 7 survivors (7168K)
 Metaspace       used 69912K, capacity 71374K, committed 71460K, reserved 1112064K
  class space    used 8979K, capacity 9593K, committed 9676K, reserved 1048576K
}
Event: 20.997 GC heap before
{Heap before GC invocations=19 (full 0):
 garbage-first heap   total 143360K, used 114226K [0x0000000080000000, 0x0000000100000000)
  region size 1024K, 63 young (64512K), 7 survivors (7168K)
 Metaspace       used 74710K, capacity 76408K, committed 76580K, reserved 1116160K
  class space    used 9656K, capacity 10328K, committed 10444K, reserved 1048576K
}
Event: 21.020 GC heap after
{Heap after GC invocations=20 (full 0):
 garbage-first heap   total 143360K, used 60652K [0x0000000080000000, 0x0000000100000000)
  region size 1024K, 7 young (7168K), 7 survivors (7168K)
 Metaspace       used 74710K, capacity 76408K, committed 76580K, reserved 1116160K
  class space    used 9656K, capacity 10328K, committed 10444K, reserved 1048576K
}
Event: 22.650 GC heap before
{Heap before GC invocations=20 (full 0):
 garbage-first heap   total 143360K, used 115948K [0x0000000080000000, 0x0000000100000000)
  region size 1024K, 61 young (62464K), 7 survivors (7168K)
 Metaspace       used 80593K, capacity 82505K, committed 82852K, reserved 1120256K
  class space    used 10525K, capacity 11234K, committed 11340K, reserved 1048576K
}
Event: 22.674 GC heap after
{Heap after GC invocations=21 (full 0):
 garbage-first heap   total 172032K, used 63895K [0x0000000080000000, 0x0000000100000000)
  region size 1024K, 7 young (7168K), 7 survivors (7168K)
 Metaspace       used 80593K, capacity 82505K, committed 82852K, reserved 1120256K
  class space    used 10525K, capacity 11234K, committed 11340K, reserved 1048576K
}
Event: 25.219 GC heap before
{Heap before GC invocations=21 (full 0):
 garbage-first heap   total 172032K, used 131479K [0x0000000080000000, 0x0000000100000000)
  region size 1024K, 74 young (75776K), 7 survivors (7168K)
 Metaspace       used 82306K, capacity 84329K, committed 84644K, reserved 1122304K
  class space    used 10726K, capacity 11515K, committed 11596K, reserved 1048576K
}
Event: 25.244 GC heap after
{Heap after GC invocations=22 (full 0):
 garbage-first heap   total 172032K, used 69561K [0x0000000080000000, 0x0000000100000000)
  region size 1024K, 9 young (9216K), 9 survivors (9216K)
 Metaspace       used 82306K, capacity 84329K, committed 84644K, reserved 1122304K
  class space    used 10726K, capacity 11515K, committed 11596K, reserved 1048576K
}
Event: 27.304 GC heap before
{Heap before GC invocations=22 (full 0):
 garbage-first heap   total 172032K, used 135097K [0x0000000080000000, 0x0000000100000000)
  region size 1024K, 74 young (75776K), 9 survivors (9216K)
 Metaspace       used 82991K, capacity 85087K, committed 85156K, reserved 1122304K
  class space    used 10758K, capacity 11566K, committed 11596K, reserved 1048576K
}
Event: 27.330 GC heap after
{Heap after GC invocations=23 (full 0):
 garbage-first heap   total 172032K, used 74413K [0x0000000080000000, 0x0000000100000000)
  region size 1024K, 10 young (10240K), 10 survivors (10240K)
 Metaspace       used 82991K, capacity 85087K, committed 85156K, reserved 1122304K
  class space    used 10758K, capacity 11566K, committed 11596K, reserved 1048576K
}
Event: 29.340 GC heap before
{Heap before GC invocations=23 (full 0):
 garbage-first heap   total 172032K, used 148141K [0x0000000080000000, 0x0000000100000000)
  region size 1024K, 72 young (73728K), 10 survivors (10240K)
 Metaspace       used 87221K, capacity 89416K, committed 89636K, reserved 1126400K
  class space    used 11267K, capacity 12107K, committed 12236K, reserved 1048576K
}
Event: 29.369 GC heap after
{Heap after GC invocations=24 (full 0):
 garbage-first heap   total 172032K, used 91710K [0x0000000080000000, 0x0000000100000000)
  region size 1024K, 10 young (10240K), 10 survivors (10240K)
 Metaspace       used 87221K, capacity 89416K, committed 89636K, reserved 1126400K
  class space    used 11267K, capacity 12107K, committed 12236K, reserved 1048576K
}
Event: 29.974 GC heap before
{Heap before GC invocations=25 (full 0):
 garbage-first heap   total 172032K, used 159294K [0x0000000080000000, 0x0000000100000000)
  region size 1024K, 49 young (50176K), 10 survivors (10240K)
 Metaspace       used 87502K, capacity 89645K, committed 89892K, reserved 1126400K
  class space    used 11310K, capacity 12140K, committed 12236K, reserved 1048576K
}

