# JRE version: OpenJDK Runtime Environment (11.0.13) (build 11.0.13+0-b1751.21-8125866)
# Java VM: OpenJDK 64-Bit Server VM (11.0.13+0-b1751.21-8125866, mixed mode, tiered, compressed oops, g1 gc, windows-amd64)
Heap:
 garbage-first heap   total 522240K, used 206240K [0x0000000080000000, 0x0000000100000000)
  region size 1024K, 3 young (3072K), 3 survivors (3072K)
 Metaspace       used 118033K, capacity 121278K, committed 121328K, reserved 1155072K
  class space    used 15049K, capacity 16262K, committed 16280K, reserved 1048576K
GC Heap History (20 events):
Event: 92.735 GC heap after
{Heap after GC invocations=59 (full 0):
 garbage-first heap   total 208896K, used 93972K [0x0000000080000000, 0x0000000100000000)
  region size 1024K, 3 young (3072K), 3 survivors (3072K)
 Metaspace       used 102581K, capacity 104992K, committed 105072K, reserved 1140736K
  class space    used 12943K, capacity 13820K, committed 13848K, reserved 1048576K
}
Event: 95.826 GC heap before
{Heap before GC invocations=60 (full 0):
 garbage-first heap   total 208896K, used 159508K [0x0000000080000000, 0x0000000100000000)
  region size 1024K, 64 young (65536K), 3 survivors (3072K)
 Metaspace       used 109825K, capacity 112643K, committed 112752K, reserved 1146880K
  class space    used 13978K, capacity 15068K, committed 15128K, reserved 1048576K
}
Event: 95.868 GC heap after
{Heap after GC invocations=61 (full 0):
 garbage-first heap   total 208896K, used 105986K [0x0000000080000000, 0x0000000100000000)
  region size 1024K, 8 young (8192K), 8 survivors (8192K)
 Metaspace       used 109825K, capacity 112643K, committed 112752K, reserved 1146880K
  class space    used 13978K, capacity 15068K, committed 15128K, reserved 1048576K
}
Event: 95.959 GC heap before
{Heap before GC invocations=61 (full 0):
 garbage-first heap   total 208896K, used 108034K [0x0000000080000000, 0x0000000100000000)
  region size 1024K, 10 young (10240K), 8 survivors (8192K)
 Metaspace       used 110236K, capacity 113102K, committed 113392K, reserved 1146880K
  class space    used 14060K, capacity 15186K, committed 15256K, reserved 1048576K
}
Event: 95.989 GC heap after
{Heap after GC invocations=62 (full 0):
 garbage-first heap   total 208896K, used 106231K [0x0000000080000000, 0x0000000100000000)
  region size 1024K, 1 young (1024K), 1 survivors (1024K)
 Metaspace       used 110236K, capacity 113102K, committed 113392K, reserved 1146880K
  class space    used 14060K, capacity 15186K, committed 15256K, reserved 1048576K
}
Event: 97.278 GC heap before
{Heap before GC invocations=62 (full 0):
 garbage-first heap   total 208896K, used 162551K [0x0000000080000000, 0x0000000100000000)
  region size 1024K, 57 young (58368K), 1 survivors (1024K)
 Metaspace       used 114050K, capacity 117132K, committed 117360K, reserved 1150976K
  class space    used 14602K, capacity 15800K, committed 15896K, reserved 1048576K
}
Event: 97.299 GC heap after
{Heap after GC invocations=63 (full 0):
 garbage-first heap   total 208896K, used 113211K [0x0000000080000000, 0x0000000100000000)
  region size 1024K, 8 young (8192K), 8 survivors (8192K)
 Metaspace       used 114050K, capacity 117132K, committed 117360K, reserved 1150976K
  class space    used 14602K, capacity 15800K, committed 15896K, reserved 1048576K
}
Event: 98.500 GC heap before
{Heap before GC invocations=64 (full 0):
 garbage-first heap   total 208896K, used 138811K [0x0000000080000000, 0x0000000100000000)
  region size 1024K, 35 young (35840K), 8 survivors (8192K)
 Metaspace       used 116093K, capacity 119281K, committed 119664K, reserved 1153024K
  class space    used 14765K, capacity 15975K, committed 16152K, reserved 1048576K
}
Event: 98.525 GC heap after
{Heap after GC invocations=65 (full 0):
 garbage-first heap   total 208896K, used 114478K [0x0000000080000000, 0x0000000100000000)
  region size 1024K, 3 young (3072K), 3 survivors (3072K)
 Metaspace       used 116093K, capacity 119281K, committed 119664K, reserved 1153024K
  class space    used 14765K, capacity 15975K, committed 16152K, reserved 1048576K
}
Event: 99.926 GC heap before
{Heap before GC invocations=66 (full 0):
 garbage-first heap   total 208896K, used 202542K [0x0000000080000000, 0x0000000100000000)
  region size 1024K, 47 young (48128K), 3 survivors (3072K)
 Metaspace       used 116846K, capacity 119967K, committed 120176K, reserved 1153024K
  class space    used 14852K, capacity 16049K, committed 16152K, reserved 1048576K
}
Event: 100.014 GC heap after
{Heap after GC invocations=67 (full 0):
 garbage-first heap   total 222208K, used 147940K [0x0000000080000000, 0x0000000100000000)
  region size 1024K, 6 young (6144K), 6 survivors (6144K)
 Metaspace       used 116846K, capacity 119967K, committed 120176K, reserved 1153024K
  class space    used 14852K, capacity 16049K, committed 16152K, reserved 1048576K
}
Event: 100.075 GC heap before
{Heap before GC invocations=67 (full 0):
 garbage-first heap   total 222208K, used 152036K [0x0000000080000000, 0x0000000100000000)
  region size 1024K, 10 young (10240K), 6 survivors (6144K)
 Metaspace       used 116846K, capacity 119967K, committed 120176K, reserved 1153024K
  class space    used 14852K, capacity 16049K, committed 16152K, reserved 1048576K
}
Event: 100.116 GC heap after
{Heap after GC invocations=68 (full 0):
 garbage-first heap   total 267264K, used 150486K [0x0000000080000000, 0x0000000100000000)
  region size 1024K, 2 young (2048K), 2 survivors (2048K)
 Metaspace       used 116846K, capacity 119967K, committed 120176K, reserved 1153024K
  class space    used 14852K, capacity 16049K, committed 16152K, reserved 1048576K
}
Event: 101.935 GC heap before
{Heap before GC invocations=68 (full 0):
 garbage-first heap   total 267264K, used 201686K [0x0000000080000000, 0x0000000100000000)
  region size 1024K, 52 young (53248K), 2 survivors (2048K)
 Metaspace       used 117829K, capacity 121038K, committed 121072K, reserved 1155072K
  class space    used 15042K, capacity 16255K, committed 16280K, reserved 1048576K
}
Event: 102.364 GC heap after
{Heap after GC invocations=69 (full 0):
 garbage-first heap   total 267264K, used 175991K [0x0000000080000000, 0x0000000100000000)
  region size 1024K, 7 young (7168K), 7 survivors (7168K)
 Metaspace       used 117829K, capacity 121038K, committed 121072K, reserved 1155072K
  class space    used 15042K, capacity 16255K, committed 16280K, reserved 1048576K
}
Event: 103.446 GC heap before
{Heap before GC invocations=69 (full 0):
 garbage-first heap   total 267264K, used 209783K [0x0000000080000000, 0x0000000100000000)
  region size 1024K, 39 young (39936K), 7 survivors (7168K)
 Metaspace       used 117834K, capacity 121038K, committed 121072K, reserved 1155072K
  class space    used 15042K, capacity 16255K, committed 16280K, reserved 1048576K
}
Event: 103.515 GC heap after
{Heap after GC invocations=70 (full 0):
 garbage-first heap   total 267264K, used 195584K [0x0000000080000000, 0x0000000100000000)
  region size 1024K, 5 young (5120K), 5 survivors (5120K)
 Metaspace       used 117834K, capacity 121038K, committed 121072K, reserved 1155072K
  class space    used 15042K, capacity 16255K, committed 16280K, reserved 1048576K
}
Event: 104.485 GC heap before
{Heap before GC invocations=70 (full 0):
 garbage-first heap   total 267264K, used 217088K [0x0000000080000000, 0x0000000100000000)
  region size 1024K, 26 young (26624K), 5 survivors (5120K)
 Metaspace       used 117971K, capacity 121145K, committed 121328K, reserved 1155072K
  class space    used 15049K, capacity 16262K, committed 16280K, reserved 1048576K
}
Event: 104.520 GC heap after
{Heap after GC invocations=71 (full 0):
 garbage-first heap   total 267264K, used 200704K [0x0000000080000000, 0x0000000100000000)
  region size 1024K, 4 young (4096K), 4 survivors (4096K)
 Metaspace       used 117971K, capacity 121145K, committed 121328K, reserved 1155072K
  class space    used 15049K, capacity 16262K, committed 16280K, reserved 1048576K
}
Event: 105.067 GC heap before
{Heap before GC invocations=71 (full 0):
 garbage-first heap   total 267264K, used 219136K [0x0000000080000000, 0x0000000100000000)
  region size 1024K, 23 young (23552K), 4 survivors (4096K)
 Metaspace       used 118033K, capacity 121278K, committed 121328K, reserved 1155072K
  class space    used 15049K, capacity 16262K, committed 16280K, reserved 1048576K
}

