# JRE version: OpenJDK Runtime Environment (11.0.13) (build 11.0.13+0-b1751.21-8125866)
# Java VM: OpenJDK 64-Bit Server VM (11.0.13+0-b1751.21-8125866, mixed mode, tiered, compressed oops, g1 gc, windows-amd64)
Heap:
 garbage-first heap   total 172032K, used 58169K [0x0000000080000000, 0x0000000100000000)
  region size 1024K, 8 young (8192K), 8 survivors (8192K)
 Metaspace       used 70478K, capacity 72042K, committed 72060K, reserved 1112064K
  class space    used 9068K, capacity 9665K, committed 9676K, reserved 1048576K
GC Heap History (20 events):
Event: 5.993 GC heap after
{Heap after GC invocations=8 (full 0):
 garbage-first heap   total 98304K, used 18715K [0x0000000080000000, 0x0000000100000000)
  region size 1024K, 3 young (3072K), 3 survivors (3072K)
 Metaspace       used 24297K, capacity 24895K, committed 25084K, reserved 1071104K
  class space    used 3087K, capacity 3287K, committed 3404K, reserved 1048576K
}
Event: 6.810 GC heap before
{Heap before GC invocations=9 (full 0):
 garbage-first heap   total 98304K, used 56603K [0x0000000080000000, 0x0000000100000000)
  region size 1024K, 40 young (40960K), 3 survivors (3072K)
 Metaspace       used 28181K, capacity 28859K, committed 29052K, reserved 1075200K
  class space    used 3673K, capacity 3912K, committed 4044K, reserved 1048576K
}
Event: 6.819 GC heap after
{Heap after GC invocations=10 (full 0):
 garbage-first heap   total 98304K, used 20087K [0x0000000080000000, 0x0000000100000000)
  region size 1024K, 3 young (3072K), 3 survivors (3072K)
 Metaspace       used 28181K, capacity 28859K, committed 29052K, reserved 1075200K
  class space    used 3673K, capacity 3912K, committed 4044K, reserved 1048576K
}
Event: 7.721 GC heap before
{Heap before GC invocations=10 (full 0):
 garbage-first heap   total 98304K, used 60023K [0x0000000080000000, 0x0000000100000000)
  region size 1024K, 42 young (43008K), 3 survivors (3072K)
 Metaspace       used 34894K, capacity 35613K, committed 35708K, reserved 1081344K
  class space    used 4472K, capacity 4782K, committed 4812K, reserved 1048576K
}
Event: 7.734 GC heap after
{Heap after GC invocations=11 (full 0):
 garbage-first heap   total 118784K, used 22904K [0x0000000080000000, 0x0000000100000000)
  region size 1024K, 6 young (6144K), 6 survivors (6144K)
 Metaspace       used 34894K, capacity 35613K, committed 35708K, reserved 1081344K
  class space    used 4472K, capacity 4782K, committed 4812K, reserved 1048576K
}
Event: 8.806 GC heap before
{Heap before GC invocations=11 (full 0):
 garbage-first heap   total 118784K, used 72056K [0x0000000080000000, 0x0000000100000000)
  region size 1024K, 52 young (53248K), 6 survivors (6144K)
 Metaspace       used 39332K, capacity 40198K, committed 40316K, reserved 1085440K
  class space    used 4939K, capacity 5262K, committed 5324K, reserved 1048576K
}
Event: 8.821 GC heap after
{Heap after GC invocations=12 (full 0):
 garbage-first heap   total 118784K, used 27561K [0x0000000080000000, 0x0000000100000000)
  region size 1024K, 7 young (7168K), 7 survivors (7168K)
 Metaspace       used 39332K, capacity 40198K, committed 40316K, reserved 1085440K
  class space    used 4939K, capacity 5262K, committed 5324K, reserved 1048576K
}
Event: 9.414 GC heap before
{Heap before GC invocations=12 (full 0):
 garbage-first heap   total 118784K, used 58281K [0x0000000080000000, 0x0000000100000000)
  region size 1024K, 38 young (38912K), 7 survivors (7168K)
 Metaspace       used 41291K, capacity 42182K, committed 42236K, reserved 1085440K
  class space    used 5218K, capacity 5558K, committed 5580K, reserved 1048576K
}
Event: 9.432 GC heap after
{Heap after GC invocations=13 (full 0):
 garbage-first heap   total 118784K, used 29149K [0x0000000080000000, 0x0000000100000000)
  region size 1024K, 6 young (6144K), 6 survivors (6144K)
 Metaspace       used 41291K, capacity 42182K, committed 42236K, reserved 1085440K
  class space    used 5218K, capacity 5558K, committed 5580K, reserved 1048576K
}
Event: 10.659 GC heap before
{Heap before GC invocations=14 (full 0):
 garbage-first heap   total 118784K, used 83421K [0x0000000080000000, 0x0000000100000000)
  region size 1024K, 58 young (59392K), 6 survivors (6144K)
 Metaspace       used 46099K, capacity 47197K, committed 47484K, reserved 1091584K
  class space    used 5846K, capacity 6263K, committed 6348K, reserved 1048576K
}
Event: 10.684 GC heap after
{Heap after GC invocations=15 (full 0):
 garbage-first heap   total 118784K, used 30963K [0x0000000080000000, 0x0000000100000000)
  region size 1024K, 4 young (4096K), 4 survivors (4096K)
 Metaspace       used 46099K, capacity 47197K, committed 47484K, reserved 1091584K
  class space    used 5846K, capacity 6263K, committed 6348K, reserved 1048576K
}
Event: 12.148 GC heap before
{Heap before GC invocations=16 (full 0):
 garbage-first heap   total 118784K, used 87283K [0x0000000080000000, 0x0000000100000000)
  region size 1024K, 57 young (58368K), 4 survivors (4096K)
 Metaspace       used 48724K, capacity 49946K, committed 50044K, reserved 1093632K
  class space    used 6152K, capacity 6592K, committed 6604K, reserved 1048576K
}
Event: 12.164 GC heap after
{Heap after GC invocations=17 (full 0):
 garbage-first heap   total 143360K, used 39936K [0x0000000080000000, 0x0000000100000000)
  region size 1024K, 8 young (8192K), 8 survivors (8192K)
 Metaspace       used 48724K, capacity 49946K, committed 50044K, reserved 1093632K
  class space    used 6152K, capacity 6592K, committed 6604K, reserved 1048576K
}
Event: 13.565 GC heap before
{Heap before GC invocations=17 (full 0):
 garbage-first heap   total 143360K, used 103424K [0x0000000080000000, 0x0000000100000000)
  region size 1024K, 69 young (70656K), 8 survivors (8192K)
 Metaspace       used 56743K, capacity 58084K, committed 58364K, reserved 1099776K
  class space    used 7111K, capacity 7637K, committed 7756K, reserved 1048576K
}
Event: 13.578 GC heap after
{Heap after GC invocations=18 (full 0):
 garbage-first heap   total 143360K, used 45458K [0x0000000080000000, 0x0000000100000000)
  region size 1024K, 9 young (9216K), 9 survivors (9216K)
 Metaspace       used 56743K, capacity 58084K, committed 58364K, reserved 1099776K
  class space    used 7111K, capacity 7637K, committed 7756K, reserved 1048576K
}
Event: 14.955 GC heap before
{Heap before GC invocations=18 (full 0):
 garbage-first heap   total 143360K, used 112018K [0x0000000080000000, 0x0000000100000000)
  region size 1024K, 68 young (69632K), 9 survivors (9216K)
 Metaspace       used 62645K, capacity 64025K, committed 64252K, reserved 1105920K
  class space    used 7876K, capacity 8416K, committed 8524K, reserved 1048576K
}
Event: 14.974 GC heap after
{Heap after GC invocations=19 (full 0):
 garbage-first heap   total 143360K, used 50743K [0x0000000080000000, 0x0000000100000000)
  region size 1024K, 9 young (9216K), 9 survivors (9216K)
 Metaspace       used 62645K, capacity 64025K, committed 64252K, reserved 1105920K
  class space    used 7876K, capacity 8416K, committed 8524K, reserved 1048576K
}
Event: 16.005 GC heap before
{Heap before GC invocations=19 (full 0):
 garbage-first heap   total 143360K, used 110135K [0x0000000080000000, 0x0000000100000000)
  region size 1024K, 66 young (67584K), 9 survivors (9216K)
 Metaspace       used 65287K, capacity 66870K, committed 67196K, reserved 1107968K
  class space    used 8234K, capacity 8822K, committed 8908K, reserved 1048576K
}
Event: 16.025 GC heap after
{Heap after GC invocations=20 (full 0):
 garbage-first heap   total 143360K, used 54744K [0x0000000080000000, 0x0000000100000000)
  region size 1024K, 5 young (5120K), 5 survivors (5120K)
 Metaspace       used 65287K, capacity 66870K, committed 67196K, reserved 1107968K
  class space    used 8234K, capacity 8822K, committed 8908K, reserved 1048576K
}
Event: 17.267 GC heap before
{Heap before GC invocations=20 (full 0):
 garbage-first heap   total 143360K, used 112088K [0x0000000080000000, 0x0000000100000000)
  region size 1024K, 61 young (62464K), 5 survivors (5120K)
 Metaspace       used 70478K, capacity 72042K, committed 72060K, reserved 1112064K
  class space    used 9068K, capacity 9665K, committed 9676K, reserved 1048576K
}

