# JRE version: OpenJDK Runtime Environment (11.0.13) (build 11.0.13+0-b1751.21-8125866)
# Java VM: OpenJDK 64-Bit Server VM (11.0.13+0-b1751.21-8125866, mixed mode, tiered, compressed oops, g1 gc, windows-amd64)
Heap:
 garbage-first heap   total 702464K, used 206092K [0x0000000080000000, 0x0000000100000000)
  region size 1024K, 4 young (4096K), 4 survivors (4096K)
 Metaspace       used 128715K, capacity 132084K, committed 132416K, reserved 1165312K
  class space    used 15674K, capacity 16941K, committed 17056K, reserved 1048576K
GC Heap History (20 events):
Event: 5758.264 GC heap after
{Heap after GC invocations=135 (full 0):
 garbage-first heap   total 399360K, used 185245K [0x0000000080000000, 0x0000000100000000)
  region size 1024K, 4 young (4096K), 4 survivors (4096K)
 Metaspace       used 128592K, capacity 132047K, committed 132160K, reserved 1165312K
  class space    used 15688K, capacity 16968K, committed 17056K, reserved 1048576K
}
Event: 5759.906 GC heap before
{Heap before GC invocations=136 (full 0):
 garbage-first heap   total 399360K, used 266141K [0x0000000080000000, 0x0000000100000000)
  region size 1024K, 92 young (94208K), 4 survivors (4096K)
 Metaspace       used 128687K, capacity 132078K, committed 132416K, reserved 1165312K
  class space    used 15673K, capacity 16939K, committed 17056K, reserved 1048576K
}
Event: 5759.987 GC heap after
{Heap after GC invocations=137 (full 0):
 garbage-first heap   total 399360K, used 176979K [0x0000000080000000, 0x0000000100000000)
  region size 1024K, 12 young (12288K), 12 survivors (12288K)
 Metaspace       used 128687K, capacity 132078K, committed 132416K, reserved 1165312K
  class space    used 15673K, capacity 16939K, committed 17056K, reserved 1048576K
}
Event: 5760.008 GC heap before
{Heap before GC invocations=137 (full 0):
 garbage-first heap   total 399360K, used 184147K [0x0000000080000000, 0x0000000100000000)
  region size 1024K, 19 young (19456K), 12 survivors (12288K)
 Metaspace       used 128687K, capacity 132078K, committed 132416K, reserved 1165312K
  class space    used 15673K, capacity 16939K, committed 17056K, reserved 1048576K
}
Event: 5760.058 GC heap after
{Heap after GC invocations=138 (full 0):
 garbage-first heap   total 399360K, used 162304K [0x0000000080000000, 0x0000000100000000)
  region size 1024K, 3 young (3072K), 3 survivors (3072K)
 Metaspace       used 128687K, capacity 132078K, committed 132416K, reserved 1165312K
  class space    used 15673K, capacity 16939K, committed 17056K, reserved 1048576K
}
Event: 5760.109 GC heap before
{Heap before GC invocations=138 (full 0):
 garbage-first heap   total 399360K, used 177664K [0x0000000080000000, 0x0000000100000000)
  region size 1024K, 19 young (19456K), 3 survivors (3072K)
 Metaspace       used 128687K, capacity 132078K, committed 132416K, reserved 1165312K
  class space    used 15673K, capacity 16939K, committed 17056K, reserved 1048576K
}
Event: 5760.152 GC heap after
{Heap after GC invocations=139 (full 0):
 garbage-first heap   total 399360K, used 162304K [0x0000000080000000, 0x0000000100000000)
  region size 1024K, 3 young (3072K), 3 survivors (3072K)
 Metaspace       used 128687K, capacity 132078K, committed 132416K, reserved 1165312K
  class space    used 15673K, capacity 16939K, committed 17056K, reserved 1048576K
}
Event: 5760.210 GC heap before
{Heap before GC invocations=139 (full 0):
 garbage-first heap   total 399360K, used 178688K [0x0000000080000000, 0x0000000100000000)
  region size 1024K, 19 young (19456K), 3 survivors (3072K)
 Metaspace       used 128687K, capacity 132078K, committed 132416K, reserved 1165312K
  class space    used 15673K, capacity 16939K, committed 17056K, reserved 1048576K
}
Event: 5760.261 GC heap after
{Heap after GC invocations=140 (full 0):
 garbage-first heap   total 399360K, used 170496K [0x0000000080000000, 0x0000000100000000)
  region size 1024K, 3 young (3072K), 3 survivors (3072K)
 Metaspace       used 128687K, capacity 132078K, committed 132416K, reserved 1165312K
  class space    used 15673K, capacity 16939K, committed 17056K, reserved 1048576K
}
Event: 5760.320 GC heap before
{Heap before GC invocations=140 (full 0):
 garbage-first heap   total 399360K, used 182784K [0x0000000080000000, 0x0000000100000000)
  region size 1024K, 17 young (17408K), 3 survivors (3072K)
 Metaspace       used 128687K, capacity 132078K, committed 132416K, reserved 1165312K
  class space    used 15673K, capacity 16939K, committed 17056K, reserved 1048576K
}
Event: 5760.348 GC heap after
{Heap after GC invocations=141 (full 0):
 garbage-first heap   total 399360K, used 178667K [0x0000000080000000, 0x0000000100000000)
  region size 1024K, 5 young (5120K), 5 survivors (5120K)
 Metaspace       used 128687K, capacity 132078K, committed 132416K, reserved 1165312K
  class space    used 15673K, capacity 16939K, committed 17056K, reserved 1048576K
}
Event: 5761.172 GC heap before
{Heap before GC invocations=142 (full 0):
 garbage-first heap   total 399360K, used 264683K [0x0000000080000000, 0x0000000100000000)
  region size 1024K, 76 young (77824K), 5 survivors (5120K)
 Metaspace       used 128689K, capacity 132078K, committed 132416K, reserved 1165312K
  class space    used 15673K, capacity 16939K, committed 17056K, reserved 1048576K
}
Event: 5761.281 GC heap after
{Heap after GC invocations=143 (full 0):
 garbage-first heap   total 399360K, used 210572K [0x0000000080000000, 0x0000000100000000)
  region size 1024K, 10 young (10240K), 10 survivors (10240K)
 Metaspace       used 128689K, capacity 132078K, committed 132416K, reserved 1165312K
  class space    used 15673K, capacity 16939K, committed 17056K, reserved 1048576K
}
Event: 5761.327 GC heap before
{Heap before GC invocations=143 (full 0):
 garbage-first heap   total 399360K, used 219788K [0x0000000080000000, 0x0000000100000000)
  region size 1024K, 19 young (19456K), 10 survivors (10240K)
 Metaspace       used 128689K, capacity 132078K, committed 132416K, reserved 1165312K
  class space    used 15673K, capacity 16939K, committed 17056K, reserved 1048576K
}
Event: 5761.396 GC heap after
{Heap after GC invocations=144 (full 0):
 garbage-first heap   total 399360K, used 202688K [0x0000000080000000, 0x0000000100000000)
  region size 1024K, 1 young (1024K), 1 survivors (1024K)
 Metaspace       used 128689K, capacity 132078K, committed 132416K, reserved 1165312K
  class space    used 15673K, capacity 16939K, committed 17056K, reserved 1048576K
}
Event: 5761.500 GC heap before
{Heap before GC invocations=144 (full 0):
 garbage-first heap   total 399360K, used 207808K [0x0000000080000000, 0x0000000100000000)
  region size 1024K, 8 young (8192K), 1 survivors (1024K)
 Metaspace       used 128689K, capacity 132078K, committed 132416K, reserved 1165312K
  class space    used 15673K, capacity 16939K, committed 17056K, reserved 1048576K
}
Event: 5761.515 GC heap after
{Heap after GC invocations=145 (full 0):
 garbage-first heap   total 399360K, used 202301K [0x0000000080000000, 0x0000000100000000)
  region size 1024K, 1 young (1024K), 1 survivors (1024K)
 Metaspace       used 128689K, capacity 132078K, committed 132416K, reserved 1165312K
  class space    used 15673K, capacity 16939K, committed 17056K, reserved 1048576K
}
Event: 5761.902 GC heap before
{Heap before GC invocations=145 (full 0):
 garbage-first heap   total 399360K, used 291389K [0x0000000080000000, 0x0000000100000000)
  region size 1024K, 76 young (77824K), 1 survivors (1024K)
 Metaspace       used 128690K, capacity 132078K, committed 132416K, reserved 1165312K
  class space    used 15673K, capacity 16939K, committed 17056K, reserved 1048576K
}
Event: 5761.931 GC heap after
{Heap after GC invocations=146 (full 0):
 garbage-first heap   total 399360K, used 225312K [0x0000000080000000, 0x0000000100000000)
  region size 1024K, 10 young (10240K), 10 survivors (10240K)
 Metaspace       used 128690K, capacity 132078K, committed 132416K, reserved 1165312K
  class space    used 15673K, capacity 16939K, committed 17056K, reserved 1048576K
}
Event: 5763.685 GC heap before
{Heap before GC invocations=147 (full 0):
 garbage-first heap   total 399360K, used 328736K [0x0000000080000000, 0x0000000100000000)
  region size 1024K, 80 young (81920K), 10 survivors (10240K)
 Metaspace       used 128715K, capacity 132084K, committed 132416K, reserved 1165312K
  class space    used 15674K, capacity 16941K, committed 17056K, reserved 1048576K
}

