# JRE version: OpenJDK Runtime Environment (11.0.13) (build 11.0.13+0-b1751.21-8125866)
# Java VM: OpenJDK 64-Bit Server VM (11.0.13+0-b1751.21-8125866, mixed mode, tiered, compressed oops, g1 gc, windows-amd64)
Heap:
 garbage-first heap   total 172032K, used 56781K [0x0000000080000000, 0x0000000100000000)
  region size 1024K, 7 young (7168K), 7 survivors (7168K)
 Metaspace       used 70930K, capacity 72438K, committed 72640K, reserved 1112064K
  class space    used 9146K, capacity 9751K, committed 9836K, reserved 1048576K
GC Heap History (20 events):
Event: 5.865 GC heap after
{Heap after GC invocations=8 (full 0):
 garbage-first heap   total 98304K, used 18629K [0x0000000080000000, 0x0000000100000000)
  region size 1024K, 3 young (3072K), 3 survivors (3072K)
 Metaspace       used 24283K, capacity 24895K, committed 25084K, reserved 1071104K
  class space    used 3090K, capacity 3287K, committed 3404K, reserved 1048576K
}
Event: 6.695 GC heap before
{Heap before GC invocations=8 (full 0):
 garbage-first heap   total 98304K, used 57541K [0x0000000080000000, 0x0000000100000000)
  region size 1024K, 41 young (41984K), 3 survivors (3072K)
 Metaspace       used 28302K, capacity 28958K, committed 29308K, reserved 1075200K
  class space    used 3696K, capacity 3945K, committed 4044K, reserved 1048576K
}
Event: 6.705 GC heap after
{Heap after GC invocations=9 (full 0):
 garbage-first heap   total 118784K, used 20176K [0x0000000080000000, 0x0000000100000000)
  region size 1024K, 5 young (5120K), 5 survivors (5120K)
 Metaspace       used 28302K, capacity 28958K, committed 29308K, reserved 1075200K
  class space    used 3696K, capacity 3945K, committed 4044K, reserved 1048576K
}
Event: 7.730 GC heap before
{Heap before GC invocations=9 (full 0):
 garbage-first heap   total 118784K, used 59088K [0x0000000080000000, 0x0000000100000000)
  region size 1024K, 44 young (45056K), 5 survivors (5120K)
 Metaspace       used 35188K, capacity 35959K, committed 36048K, reserved 1081344K
  class space    used 4519K, capacity 4835K, committed 4896K, reserved 1048576K
}
Event: 7.747 GC heap after
{Heap after GC invocations=10 (full 0):
 garbage-first heap   total 118784K, used 23241K [0x0000000080000000, 0x0000000100000000)
  region size 1024K, 6 young (6144K), 6 survivors (6144K)
 Metaspace       used 35188K, capacity 35959K, committed 36048K, reserved 1081344K
  class space    used 4519K, capacity 4835K, committed 4896K, reserved 1048576K
}
Event: 8.791 GC heap before
{Heap before GC invocations=11 (full 0):
 garbage-first heap   total 118784K, used 72393K [0x0000000080000000, 0x0000000100000000)
  region size 1024K, 52 young (53248K), 6 survivors (6144K)
 Metaspace       used 39286K, capacity 40134K, committed 40272K, reserved 1085440K
  class space    used 4949K, capacity 5262K, committed 5280K, reserved 1048576K
}
Event: 8.813 GC heap after
{Heap after GC invocations=12 (full 0):
 garbage-first heap   total 118784K, used 27069K [0x0000000080000000, 0x0000000100000000)
  region size 1024K, 7 young (7168K), 7 survivors (7168K)
 Metaspace       used 39286K, capacity 40134K, committed 40272K, reserved 1085440K
  class space    used 4949K, capacity 5262K, committed 5280K, reserved 1048576K
}
Event: 9.741 GC heap before
{Heap before GC invocations=12 (full 0):
 garbage-first heap   total 118784K, used 76221K [0x0000000080000000, 0x0000000100000000)
  region size 1024K, 55 young (56320K), 7 survivors (7168K)
 Metaspace       used 43018K, capacity 43943K, committed 44240K, reserved 1087488K
  class space    used 5474K, capacity 5840K, committed 5920K, reserved 1048576K
}
Event: 9.760 GC heap after
{Heap after GC invocations=13 (full 0):
 garbage-first heap   total 118784K, used 29310K [0x0000000080000000, 0x0000000100000000)
  region size 1024K, 3 young (3072K), 3 survivors (3072K)
 Metaspace       used 43018K, capacity 43943K, committed 44240K, reserved 1087488K
  class space    used 5474K, capacity 5840K, committed 5920K, reserved 1048576K
}
Event: 10.604 GC heap before
{Heap before GC invocations=13 (full 0):
 garbage-first heap   total 118784K, used 81534K [0x0000000080000000, 0x0000000100000000)
  region size 1024K, 54 young (55296K), 3 survivors (3072K)
 Metaspace       used 47467K, capacity 48550K, committed 48720K, reserved 1091584K
  class space    used 6041K, capacity 6462K, committed 6560K, reserved 1048576K
}
Event: 10.614 GC heap after
{Heap after GC invocations=14 (full 0):
 garbage-first heap   total 143360K, used 30413K [0x0000000080000000, 0x0000000100000000)
  region size 1024K, 4 young (4096K), 4 survivors (4096K)
 Metaspace       used 47467K, capacity 48550K, committed 48720K, reserved 1091584K
  class space    used 6041K, capacity 6462K, committed 6560K, reserved 1048576K
}
Event: 12.416 GC heap before
{Heap before GC invocations=14 (full 0):
 garbage-first heap   total 143360K, used 106189K [0x0000000080000000, 0x0000000100000000)
  region size 1024K, 74 young (75776K), 4 survivors (4096K)
 Metaspace       used 52282K, capacity 53512K, committed 53712K, reserved 1095680K
  class space    used 6590K, capacity 7076K, committed 7200K, reserved 1048576K
}
Event: 12.434 GC heap after
{Heap after GC invocations=15 (full 0):
 garbage-first heap   total 143360K, used 42450K [0x0000000080000000, 0x0000000100000000)
  region size 1024K, 10 young (10240K), 10 survivors (10240K)
 Metaspace       used 52282K, capacity 53512K, committed 53712K, reserved 1095680K
  class space    used 6590K, capacity 7076K, committed 7200K, reserved 1048576K
}
Event: 13.687 GC heap before
{Heap before GC invocations=15 (full 0):
 garbage-first heap   total 143360K, used 88530K [0x0000000080000000, 0x0000000100000000)
  region size 1024K, 56 young (57344K), 10 survivors (10240K)
 Metaspace       used 58965K, capacity 60328K, committed 60496K, reserved 1101824K
  class space    used 7439K, capacity 7980K, committed 8096K, reserved 1048576K
}
Event: 13.713 GC heap after
{Heap after GC invocations=16 (full 0):
 garbage-first heap   total 143360K, used 44872K [0x0000000080000000, 0x0000000100000000)
  region size 1024K, 3 young (3072K), 3 survivors (3072K)
 Metaspace       used 58965K, capacity 60328K, committed 60496K, reserved 1101824K
  class space    used 7439K, capacity 7980K, committed 8096K, reserved 1048576K
}
Event: 14.930 GC heap before
{Heap before GC invocations=17 (full 0):
 garbage-first heap   total 143360K, used 107336K [0x0000000080000000, 0x0000000100000000)
  region size 1024K, 58 young (59392K), 3 survivors (3072K)
 Metaspace       used 63129K, capacity 64581K, committed 64704K, reserved 1105920K
  class space    used 7934K, capacity 8472K, committed 8556K, reserved 1048576K
}
Event: 14.946 GC heap after
{Heap after GC invocations=18 (full 0):
 garbage-first heap   total 143360K, used 49711K [0x0000000080000000, 0x0000000100000000)
  region size 1024K, 7 young (7168K), 7 survivors (7168K)
 Metaspace       used 63129K, capacity 64581K, committed 64704K, reserved 1105920K
  class space    used 7934K, capacity 8472K, committed 8556K, reserved 1048576K
}
Event: 15.950 GC heap before
{Heap before GC invocations=19 (full 0):
 garbage-first heap   total 143360K, used 106031K [0x0000000080000000, 0x0000000100000000)
  region size 1024K, 61 young (62464K), 7 survivors (7168K)
 Metaspace       used 65225K, capacity 66767K, committed 67136K, reserved 1107968K
  class space    used 8234K, capacity 8809K, committed 8940K, reserved 1048576K
}
Event: 15.973 GC heap after
{Heap after GC invocations=20 (full 0):
 garbage-first heap   total 143360K, used 52975K [0x0000000080000000, 0x0000000100000000)
  region size 1024K, 4 young (4096K), 4 survivors (4096K)
 Metaspace       used 65225K, capacity 66767K, committed 67136K, reserved 1107968K
  class space    used 8234K, capacity 8809K, committed 8940K, reserved 1048576K
}
Event: 17.229 GC heap before
{Heap before GC invocations=20 (full 0):
 garbage-first heap   total 143360K, used 107247K [0x0000000080000000, 0x0000000100000000)
  region size 1024K, 57 young (58368K), 4 survivors (4096K)
 Metaspace       used 70930K, capacity 72438K, committed 72640K, reserved 1112064K
  class space    used 9146K, capacity 9751K, committed 9836K, reserved 1048576K
}

