# JRE version: OpenJDK Runtime Environment (11.0.13) (build 11.0.13+0-b1751.21-8125866)
# Java VM: OpenJDK 64-Bit Server VM (11.0.13+0-b1751.21-8125866, mixed mode, tiered, compressed oops, g1 gc, windows-amd64)
Heap:
 garbage-first heap   total 206848K, used 170847K [0x0000000080000000, 0x0000000100000000)
  region size 1024K, 15 young (15360K), 3 survivors (3072K)
 Metaspace       used 113622K, capacity 117003K, committed 117244K, reserved 1150976K
  class space    used 14863K, capacity 16239K, committed 16288K, reserved 1048576K
GC Heap History (20 events):
Event: 24.072 GC heap before
{Heap before GC invocations=24 (full 0):
 garbage-first heap   total 172032K, used 128889K [0x0000000080000000, 0x0000000100000000)
  region size 1024K, 66 young (67584K), 9 survivors (9216K)
 Metaspace       used 83112K, capacity 85161K, committed 85500K, reserved 1124352K
  class space    used 10768K, capacity 11564K, committed 11680K, reserved 1048576K
}
Event: 24.098 GC heap after
{Heap after GC invocations=25 (full 0):
 garbage-first heap   total 206848K, used 74752K [0x0000000080000000, 0x0000000100000000)
  region size 1024K, 8 young (8192K), 8 survivors (8192K)
 Metaspace       used 83112K, capacity 85161K, committed 85500K, reserved 1124352K
  class space    used 10768K, capacity 11564K, committed 11680K, reserved 1048576K
}
Event: 25.542 GC heap before
{Heap before GC invocations=25 (full 0):
 garbage-first heap   total 206848K, used 150528K [0x0000000080000000, 0x0000000100000000)
  region size 1024K, 83 young (84992K), 8 survivors (8192K)
 Metaspace       used 88435K, capacity 90613K, committed 90748K, reserved 1128448K
  class space    used 11385K, capacity 12216K, committed 12320K, reserved 1048576K
}
Event: 25.568 GC heap after
{Heap after GC invocations=26 (full 0):
 garbage-first heap   total 206848K, used 79401K [0x0000000080000000, 0x0000000100000000)
  region size 1024K, 8 young (8192K), 8 survivors (8192K)
 Metaspace       used 88435K, capacity 90613K, committed 90748K, reserved 1128448K
  class space    used 11385K, capacity 12216K, committed 12320K, reserved 1048576K
}
Event: 139.856 GC heap before
{Heap before GC invocations=26 (full 0):
 garbage-first heap   total 206848K, used 175657K [0x0000000080000000, 0x0000000100000000)
  region size 1024K, 83 young (84992K), 8 survivors (8192K)
 Metaspace       used 91572K, capacity 93948K, committed 94204K, reserved 1130496K
  class space    used 11711K, capacity 12613K, committed 12704K, reserved 1048576K
}
Event: 139.900 GC heap after
{Heap after GC invocations=27 (full 0):
 garbage-first heap   total 206848K, used 84917K [0x0000000080000000, 0x0000000100000000)
  region size 1024K, 10 young (10240K), 10 survivors (10240K)
 Metaspace       used 91572K, capacity 93948K, committed 94204K, reserved 1130496K
  class space    used 11711K, capacity 12613K, committed 12704K, reserved 1048576K
}
Event: 141.971 GC heap before
{Heap before GC invocations=27 (full 0):
 garbage-first heap   total 206848K, used 161717K [0x0000000080000000, 0x0000000100000000)
  region size 1024K, 84 young (86016K), 10 survivors (10240K)
 Metaspace       used 98722K, capacity 101305K, committed 101500K, reserved 1136640K
  class space    used 12600K, capacity 13547K, committed 13600K, reserved 1048576K
}
Event: 142.012 GC heap after
{Heap after GC invocations=28 (full 0):
 garbage-first heap   total 206848K, used 98152K [0x0000000080000000, 0x0000000100000000)
  region size 1024K, 11 young (11264K), 11 survivors (11264K)
 Metaspace       used 98722K, capacity 101305K, committed 101500K, reserved 1136640K
  class space    used 12600K, capacity 13547K, committed 13600K, reserved 1048576K
}
Event: 143.661 GC heap before
{Heap before GC invocations=28 (full 0):
 garbage-first heap   total 206848K, used 162664K [0x0000000080000000, 0x0000000100000000)
  region size 1024K, 73 young (74752K), 11 survivors (11264K)
 Metaspace       used 105119K, capacity 107912K, committed 108156K, reserved 1142784K
  class space    used 13461K, capacity 14507K, committed 14624K, reserved 1048576K
}
Event: 143.682 GC heap after
{Heap after GC invocations=29 (full 0):
 garbage-first heap   total 206848K, used 98659K [0x0000000080000000, 0x0000000100000000)
  region size 1024K, 5 young (5120K), 5 survivors (5120K)
 Metaspace       used 105119K, capacity 107912K, committed 108156K, reserved 1142784K
  class space    used 13461K, capacity 14507K, committed 14624K, reserved 1048576K
}
Event: 145.131 GC heap before
{Heap before GC invocations=29 (full 0):
 garbage-first heap   total 206848K, used 146787K [0x0000000080000000, 0x0000000100000000)
  region size 1024K, 54 young (55296K), 5 survivors (5120K)
 Metaspace       used 112205K, capacity 115633K, committed 115708K, reserved 1148928K
  class space    used 14608K, capacity 15961K, committed 16032K, reserved 1048576K
}
Event: 145.146 GC heap after
{Heap after GC invocations=30 (full 0):
 garbage-first heap   total 206848K, used 97829K [0x0000000080000000, 0x0000000100000000)
  region size 1024K, 6 young (6144K), 6 survivors (6144K)
 Metaspace       used 112205K, capacity 115633K, committed 115708K, reserved 1148928K
  class space    used 14608K, capacity 15961K, committed 16032K, reserved 1048576K
}
Event: 145.800 GC heap before
{Heap before GC invocations=31 (full 0):
 garbage-first heap   total 206848K, used 179749K [0x0000000080000000, 0x0000000100000000)
  region size 1024K, 47 young (48128K), 6 survivors (6144K)
 Metaspace       used 112565K, capacity 115900K, committed 116220K, reserved 1148928K
  class space    used 14645K, capacity 15983K, committed 16032K, reserved 1048576K
}
Event: 145.896 GC heap after
{Heap after GC invocations=32 (full 0):
 garbage-first heap   total 206848K, used 131652K [0x0000000080000000, 0x0000000100000000)
  region size 1024K, 9 young (9216K), 9 survivors (9216K)
 Metaspace       used 112565K, capacity 115900K, committed 116220K, reserved 1148928K
  class space    used 14645K, capacity 15983K, committed 16032K, reserved 1048576K
}
Event: 146.702 GC heap before
{Heap before GC invocations=33 (full 0):
 garbage-first heap   total 206848K, used 162372K [0x0000000080000000, 0x0000000100000000)
  region size 1024K, 41 young (41984K), 9 survivors (9216K)
 Metaspace       used 113548K, capacity 116933K, committed 117244K, reserved 1150976K
  class space    used 14862K, capacity 16238K, committed 16288K, reserved 1048576K
}
Event: 146.790 GC heap after
{Heap after GC invocations=34 (full 0):
 garbage-first heap   total 206848K, used 145739K [0x0000000080000000, 0x0000000100000000)
  region size 1024K, 6 young (6144K), 6 survivors (6144K)
 Metaspace       used 113548K, capacity 116933K, committed 117244K, reserved 1150976K
  class space    used 14862K, capacity 16238K, committed 16288K, reserved 1048576K
}
Event: 146.854 GC heap before
{Heap before GC invocations=34 (full 0):
 garbage-first heap   total 206848K, used 149835K [0x0000000080000000, 0x0000000100000000)
  region size 1024K, 10 young (10240K), 6 survivors (6144K)
 Metaspace       used 113555K, capacity 116936K, committed 117244K, reserved 1150976K
  class space    used 14863K, capacity 16239K, committed 16288K, reserved 1048576K
}
Event: 146.885 GC heap after
{Heap after GC invocations=35 (full 0):
 garbage-first heap   total 206848K, used 148480K [0x0000000080000000, 0x0000000100000000)
  region size 1024K, 2 young (2048K), 2 survivors (2048K)
 Metaspace       used 113555K, capacity 116936K, committed 117244K, reserved 1150976K
  class space    used 14863K, capacity 16239K, committed 16288K, reserved 1048576K
}
Event: 147.224 GC heap before
{Heap before GC invocations=35 (full 0):
 garbage-first heap   total 206848K, used 167936K [0x0000000080000000, 0x0000000100000000)
  region size 1024K, 21 young (21504K), 2 survivors (2048K)
 Metaspace       used 113621K, capacity 117003K, committed 117244K, reserved 1150976K
  class space    used 14863K, capacity 16239K, committed 16288K, reserved 1048576K
}
Event: 147.252 GC heap after
{Heap after GC invocations=36 (full 0):
 garbage-first heap   total 206848K, used 159583K [0x0000000080000000, 0x0000000100000000)
  region size 1024K, 3 young (3072K), 3 survivors (3072K)
 Metaspace       used 113621K, capacity 117003K, committed 117244K, reserved 1150976K
  class space    used 14863K, capacity 16239K, committed 16288K, reserved 1048576K
}

