# JRE version: OpenJDK Runtime Environment (11.0.13) (build 11.0.13+0-b1751.21-8125866)
# Java VM: OpenJDK 64-Bit Server VM (11.0.13+0-b1751.21-8125866, mixed mode, tiered, compressed oops, g1 gc, windows-amd64)
Heap:
 garbage-first heap   total 248832K, used 186368K [0x0000000080000000, 0x0000000100000000)
  region size 1024K, 43 young (44032K), 8 survivors (8192K)
 Metaspace       used 91529K, capacity 93722K, committed 93884K, reserved 1130496K
  class space    used 11981K, capacity 12835K, committed 12900K, reserved 1048576K
GC Heap History (20 events):
Event: 16.104 GC heap before
{Heap before GC invocations=18 (full 0):
 garbage-first heap   total 143360K, used 102262K [0x0000000080000000, 0x0000000100000000)
  region size 1024K, 56 young (57344K), 6 survivors (6144K)
 Metaspace       used 65257K, capacity 66864K, committed 67132K, reserved 1107968K
  class space    used 8241K, capacity 8841K, committed 8932K, reserved 1048576K
}
Event: 16.123 GC heap after
{Heap after GC invocations=19 (full 0):
 garbage-first heap   total 172032K, used 53897K [0x0000000080000000, 0x0000000100000000)
  region size 1024K, 4 young (4096K), 4 survivors (4096K)
 Metaspace       used 65257K, capacity 66864K, committed 67132K, reserved 1107968K
  class space    used 8241K, capacity 8841K, committed 8932K, reserved 1048576K
}
Event: 17.577 GC heap before
{Heap before GC invocations=19 (full 0):
 garbage-first heap   total 172032K, used 115337K [0x0000000080000000, 0x0000000100000000)
  region size 1024K, 64 young (65536K), 4 survivors (4096K)
 Metaspace       used 70813K, capacity 72336K, committed 72636K, reserved 1112064K
  class space    used 9120K, capacity 9718K, committed 9828K, reserved 1048576K
}
Event: 17.596 GC heap after
{Heap after GC invocations=20 (full 0):
 garbage-first heap   total 172032K, used 57614K [0x0000000080000000, 0x0000000100000000)
  region size 1024K, 8 young (8192K), 8 survivors (8192K)
 Metaspace       used 70813K, capacity 72336K, committed 72636K, reserved 1112064K
  class space    used 9120K, capacity 9718K, committed 9828K, reserved 1048576K
}
Event: 19.149 GC heap before
{Heap before GC invocations=20 (full 0):
 garbage-first heap   total 172032K, used 120078K [0x0000000080000000, 0x0000000100000000)
  region size 1024K, 69 young (70656K), 8 survivors (8192K)
 Metaspace       used 77336K, capacity 79034K, committed 79164K, reserved 1118208K
  class space    used 10040K, capacity 10706K, committed 10724K, reserved 1048576K
}
Event: 19.176 GC heap after
{Heap after GC invocations=21 (full 0):
 garbage-first heap   total 172032K, used 61336K [0x0000000080000000, 0x0000000100000000)
  region size 1024K, 8 young (8192K), 8 survivors (8192K)
 Metaspace       used 77336K, capacity 79034K, committed 79164K, reserved 1118208K
  class space    used 10040K, capacity 10706K, committed 10724K, reserved 1048576K
}
Event: 20.817 GC heap before
{Heap before GC invocations=21 (full 0):
 garbage-first heap   total 172032K, used 123800K [0x0000000080000000, 0x0000000100000000)
  region size 1024K, 70 young (71680K), 8 survivors (8192K)
 Metaspace       used 81598K, capacity 83618K, committed 83772K, reserved 1122304K
  class space    used 10681K, capacity 11446K, committed 11492K, reserved 1048576K
}
Event: 20.841 GC heap after
{Heap after GC invocations=22 (full 0):
 garbage-first heap   total 172032K, used 66353K [0x0000000080000000, 0x0000000100000000)
  region size 1024K, 9 young (9216K), 9 survivors (9216K)
 Metaspace       used 81598K, capacity 83618K, committed 83772K, reserved 1122304K
  class space    used 10681K, capacity 11446K, committed 11492K, reserved 1048576K
}
Event: 22.447 GC heap before
{Heap before GC invocations=22 (full 0):
 garbage-first heap   total 172032K, used 127793K [0x0000000080000000, 0x0000000100000000)
  region size 1024K, 70 young (71680K), 9 survivors (9216K)
 Metaspace       used 82404K, capacity 84411K, committed 84668K, reserved 1122304K
  class space    used 10732K, capacity 11514K, committed 11620K, reserved 1048576K
}
Event: 22.475 GC heap after
{Heap after GC invocations=23 (full 0):
 garbage-first heap   total 206848K, used 71377K [0x0000000080000000, 0x0000000100000000)
  region size 1024K, 6 young (6144K), 6 survivors (6144K)
 Metaspace       used 82404K, capacity 84411K, committed 84668K, reserved 1122304K
  class space    used 10732K, capacity 11514K, committed 11620K, reserved 1048576K
}
Event: 24.000 GC heap before
{Heap before GC invocations=23 (full 0):
 garbage-first heap   total 206848K, used 148177K [0x0000000080000000, 0x0000000100000000)
  region size 1024K, 82 young (83968K), 6 survivors (6144K)
 Metaspace       used 83062K, capacity 85067K, committed 85180K, reserved 1122304K
  class space    used 10766K, capacity 11558K, committed 11620K, reserved 1048576K
}
Event: 24.027 GC heap after
{Heap after GC invocations=24 (full 0):
 garbage-first heap   total 206848K, used 75634K [0x0000000080000000, 0x0000000100000000)
  region size 1024K, 10 young (10240K), 10 survivors (10240K)
 Metaspace       used 83062K, capacity 85067K, committed 85180K, reserved 1122304K
  class space    used 10766K, capacity 11558K, committed 11620K, reserved 1048576K
}
Event: 24.986 GC heap before
{Heap before GC invocations=24 (full 0):
 garbage-first heap   total 206848K, used 131954K [0x0000000080000000, 0x0000000100000000)
  region size 1024K, 47 young (48128K), 10 survivors (10240K)
 Metaspace       used 87112K, capacity 89242K, committed 89532K, reserved 1126400K
  class space    used 11263K, capacity 12097K, committed 12132K, reserved 1048576K
}
Event: 25.010 GC heap after
{Heap after GC invocations=25 (full 0):
 garbage-first heap   total 206848K, used 99237K [0x0000000080000000, 0x0000000100000000)
  region size 1024K, 8 young (8192K), 8 survivors (8192K)
 Metaspace       used 87112K, capacity 89242K, committed 89532K, reserved 1126400K
  class space    used 11263K, capacity 12097K, committed 12132K, reserved 1048576K
}
Event: 25.486 GC heap before
{Heap before GC invocations=26 (full 0):
 garbage-first heap   total 206848K, used 137125K [0x0000000080000000, 0x0000000100000000)
  region size 1024K, 28 young (28672K), 8 survivors (8192K)
 Metaspace       used 87301K, capacity 89350K, committed 89660K, reserved 1126400K
  class space    used 11281K, capacity 12088K, committed 12260K, reserved 1048576K
}
Event: 25.516 GC heap after
{Heap after GC invocations=27 (full 0):
 garbage-first heap   total 206848K, used 105722K [0x0000000080000000, 0x0000000100000000)
  region size 1024K, 10 young (10240K), 10 survivors (10240K)
 Metaspace       used 87301K, capacity 89350K, committed 89660K, reserved 1126400K
  class space    used 11281K, capacity 12088K, committed 12260K, reserved 1048576K
}
Event: 26.559 GC heap before
{Heap before GC invocations=28 (full 0):
 garbage-first heap   total 206848K, used 161018K [0x0000000080000000, 0x0000000100000000)
  region size 1024K, 62 young (63488K), 10 survivors (10240K)
 Metaspace       used 89662K, capacity 91769K, committed 92092K, reserved 1128448K
  class space    used 11737K, capacity 12573K, committed 12644K, reserved 1048576K
}
Event: 26.633 GC heap after
{Heap after GC invocations=29 (full 0):
 garbage-first heap   total 248832K, used 127837K [0x0000000080000000, 0x0000000100000000)
  region size 1024K, 8 young (8192K), 8 survivors (8192K)
 Metaspace       used 89662K, capacity 91769K, committed 92092K, reserved 1128448K
  class space    used 11737K, capacity 12573K, committed 12644K, reserved 1048576K
}
Event: 27.115 GC heap before
{Heap before GC invocations=29 (full 0):
 garbage-first heap   total 248832K, used 164701K [0x0000000080000000, 0x0000000100000000)
  region size 1024K, 46 young (47104K), 8 survivors (8192K)
 Metaspace       used 89714K, capacity 91841K, committed 92092K, reserved 1128448K
  class space    used 11739K, capacity 12574K, committed 12644K, reserved 1048576K
}
Event: 27.208 GC heap after
{Heap after GC invocations=30 (full 0):
 garbage-first heap   total 248832K, used 149504K [0x0000000080000000, 0x0000000100000000)
  region size 1024K, 8 young (8192K), 8 survivors (8192K)
 Metaspace       used 89714K, capacity 91841K, committed 92092K, reserved 1128448K
  class space    used 11739K, capacity 12574K, committed 12644K, reserved 1048576K
}

