# JRE version: OpenJDK Runtime Environment (11.0.13) (build 11.0.13+0-b1751.21-8125866)
# Java VM: OpenJDK 64-Bit Server VM (11.0.13+0-b1751.21-8125866, mixed mode, tiered, compressed oops, g1 gc, windows-amd64)
Heap:
 garbage-first heap   total 382976K, used 208469K [0x0000000080000000, 0x0000000100000000)
  region size 1024K, 1 young (1024K), 1 survivors (1024K)
 Metaspace       used 109237K, capacity 112119K, committed 112508K, reserved 1146880K
  class space    used 14007K, capacity 15121K, committed 15340K, reserved 1048576K
GC Heap History (20 events):
Event: 39.391 GC heap after
{Heap after GC invocations=41 (full 0):
 garbage-first heap   total 254976K, used 134319K [0x0000000080000000, 0x0000000100000000)
  region size 1024K, 2 young (2048K), 2 survivors (2048K)
 Metaspace       used 106850K, capacity 109732K, committed 110460K, reserved 1144832K
  class space    used 13688K, capacity 14786K, committed 15084K, reserved 1048576K
}
Event: 40.858 GC heap before
{Heap before GC invocations=41 (full 0):
 garbage-first heap   total 254976K, used 184495K [0x0000000080000000, 0x0000000100000000)
  region size 1024K, 52 young (53248K), 2 survivors (2048K)
 Metaspace       used 107890K, capacity 110857K, committed 111356K, reserved 1144832K
  class space    used 13889K, capacity 15007K, committed 15212K, reserved 1048576K
}
Event: 40.932 GC heap after
{Heap after GC invocations=42 (full 0):
 garbage-first heap   total 254976K, used 159524K [0x0000000080000000, 0x0000000100000000)
  region size 1024K, 7 young (7168K), 7 survivors (7168K)
 Metaspace       used 107890K, capacity 110857K, committed 111356K, reserved 1144832K
  class space    used 13889K, capacity 15007K, committed 15212K, reserved 1048576K
}
Event: 42.175 GC heap before
{Heap before GC invocations=43 (full 0):
 garbage-first heap   total 254976K, used 192292K [0x0000000080000000, 0x0000000100000000)
  region size 1024K, 40 young (40960K), 7 survivors (7168K)
 Metaspace       used 107890K, capacity 110857K, committed 111356K, reserved 1144832K
  class space    used 13889K, capacity 15007K, committed 15212K, reserved 1048576K
}
Event: 42.249 GC heap after
{Heap after GC invocations=44 (full 0):
 garbage-first heap   total 254976K, used 177664K [0x0000000080000000, 0x0000000100000000)
  region size 1024K, 5 young (5120K), 5 survivors (5120K)
 Metaspace       used 107890K, capacity 110857K, committed 111356K, reserved 1144832K
  class space    used 13889K, capacity 15007K, committed 15212K, reserved 1048576K
}
Event: 42.444 GC heap before
{Heap before GC invocations=44 (full 0):
 garbage-first heap   total 254976K, used 184832K [0x0000000080000000, 0x0000000100000000)
  region size 1024K, 12 young (12288K), 5 survivors (5120K)
 Metaspace       used 107975K, capacity 110870K, committed 111356K, reserved 1144832K
  class space    used 13893K, capacity 15010K, committed 15212K, reserved 1048576K
}
Event: 42.473 GC heap after
{Heap after GC invocations=45 (full 0):
 garbage-first heap   total 254976K, used 180736K [0x0000000080000000, 0x0000000100000000)
  region size 1024K, 2 young (2048K), 2 survivors (2048K)
 Metaspace       used 107975K, capacity 110870K, committed 111356K, reserved 1144832K
  class space    used 13893K, capacity 15010K, committed 15212K, reserved 1048576K
}
Event: 42.636 GC heap before
{Heap before GC invocations=45 (full 0):
 garbage-first heap   total 254976K, used 193024K [0x0000000080000000, 0x0000000100000000)
  region size 1024K, 15 young (15360K), 2 survivors (2048K)
 Metaspace       used 108025K, capacity 110946K, committed 111356K, reserved 1144832K
  class space    used 13893K, capacity 15010K, committed 15212K, reserved 1048576K
}
Event: 42.649 GC heap after
{Heap after GC invocations=46 (full 0):
 garbage-first heap   total 318464K, used 181713K [0x0000000080000000, 0x0000000100000000)
  region size 1024K, 1 young (1024K), 1 survivors (1024K)
 Metaspace       used 108025K, capacity 110946K, committed 111356K, reserved 1144832K
  class space    used 13893K, capacity 15010K, committed 15212K, reserved 1048576K
}
Event: 43.807 GC heap before
{Heap before GC invocations=47 (full 0):
 garbage-first heap   total 318464K, used 221649K [0x0000000080000000, 0x0000000100000000)
  region size 1024K, 42 young (43008K), 1 survivors (1024K)
 Metaspace       used 108101K, capacity 111007K, committed 111612K, reserved 1146880K
  class space    used 13890K, capacity 15005K, committed 15212K, reserved 1048576K
}
Event: 43.846 GC heap after
{Heap after GC invocations=48 (full 0):
 garbage-first heap   total 318464K, used 183589K [0x0000000080000000, 0x0000000100000000)
  region size 1024K, 5 young (5120K), 5 survivors (5120K)
 Metaspace       used 108101K, capacity 111007K, committed 111612K, reserved 1146880K
  class space    used 13890K, capacity 15005K, committed 15212K, reserved 1048576K
}
Event: 44.161 GC heap before
{Heap before GC invocations=48 (full 0):
 garbage-first heap   total 318464K, used 196901K [0x0000000080000000, 0x0000000100000000)
  region size 1024K, 15 young (15360K), 5 survivors (5120K)
 Metaspace       used 108115K, capacity 111010K, committed 111612K, reserved 1146880K
  class space    used 13890K, capacity 15005K, committed 15212K, reserved 1048576K
}
Event: 44.190 GC heap after
{Heap after GC invocations=49 (full 0):
 garbage-first heap   total 318464K, used 183423K [0x0000000080000000, 0x0000000100000000)
  region size 1024K, 1 young (1024K), 1 survivors (1024K)
 Metaspace       used 108115K, capacity 111010K, committed 111612K, reserved 1146880K
  class space    used 13890K, capacity 15005K, committed 15212K, reserved 1048576K
}
Event: 44.983 GC heap before
{Heap before GC invocations=49 (full 0):
 garbage-first heap   total 318464K, used 235647K [0x0000000080000000, 0x0000000100000000)
  region size 1024K, 46 young (47104K), 1 survivors (1024K)
 Metaspace       used 108250K, capacity 111170K, committed 111612K, reserved 1146880K
  class space    used 13899K, capacity 15014K, committed 15212K, reserved 1048576K
}
Event: 44.995 GC heap after
{Heap after GC invocations=50 (full 0):
 garbage-first heap   total 318464K, used 194020K [0x0000000080000000, 0x0000000100000000)
  region size 1024K, 5 young (5120K), 5 survivors (5120K)
 Metaspace       used 108250K, capacity 111170K, committed 111612K, reserved 1146880K
  class space    used 13899K, capacity 15014K, committed 15212K, reserved 1048576K
}
Event: 45.366 GC heap before
{Heap before GC invocations=50 (full 0):
 garbage-first heap   total 318464K, used 245220K [0x0000000080000000, 0x0000000100000000)
  region size 1024K, 50 young (51200K), 5 survivors (5120K)
 Metaspace       used 108274K, capacity 111244K, committed 111612K, reserved 1146880K
  class space    used 13901K, capacity 15016K, committed 15212K, reserved 1048576K
}
Event: 45.389 GC heap after
{Heap after GC invocations=51 (full 0):
 garbage-first heap   total 318464K, used 206519K [0x0000000080000000, 0x0000000100000000)
  region size 1024K, 7 young (7168K), 7 survivors (7168K)
 Metaspace       used 108274K, capacity 111244K, committed 111612K, reserved 1146880K
  class space    used 13901K, capacity 15016K, committed 15212K, reserved 1048576K
}
Event: 46.008 GC heap before
{Heap before GC invocations=51 (full 0):
 garbage-first heap   total 318464K, used 256695K [0x0000000080000000, 0x0000000100000000)
  region size 1024K, 49 young (50176K), 7 survivors (7168K)
 Metaspace       used 108351K, capacity 111331K, committed 111868K, reserved 1146880K
  class space    used 13900K, capacity 15015K, committed 15212K, reserved 1048576K
}
Event: 46.026 GC heap after
{Heap after GC invocations=52 (full 0):
 garbage-first heap   total 318464K, used 218251K [0x0000000080000000, 0x0000000100000000)
  region size 1024K, 5 young (5120K), 5 survivors (5120K)
 Metaspace       used 108351K, capacity 111331K, committed 111868K, reserved 1146880K
  class space    used 13900K, capacity 15015K, committed 15212K, reserved 1048576K
}
Event: 47.001 GC heap before
{Heap before GC invocations=53 (full 0):
 garbage-first heap   total 318464K, used 274571K [0x0000000080000000, 0x0000000100000000)
  region size 1024K, 43 young (44032K), 5 survivors (5120K)
 Metaspace       used 109237K, capacity 112119K, committed 112508K, reserved 1146880K
  class space    used 14007K, capacity 15121K, committed 15340K, reserved 1048576K
}

