# JRE version: OpenJDK Runtime Environment (11.0.13) (build 11.0.13+0-b1751.21-8125866)
# Java VM: OpenJDK 64-Bit Server VM (11.0.13+0-b1751.21-8125866, mixed mode, tiered, compressed oops, g1 gc, windows-amd64)
Heap:
 garbage-first heap   total 435200K, used 264909K [0x0000000080000000, 0x0000000100000000)
  region size 1024K, 8 young (8192K), 6 survivors (6144K)
 Metaspace       used 117093K, capacity 120215K, committed 120412K, reserved 1153024K
  class space    used 14936K, capacity 16180K, committed 16204K, reserved 1048576K
GC Heap History (20 events):
Event: 71.738 GC heap before
{Heap before GC invocations=49 (full 0):
 garbage-first heap   total 435200K, used 325307K [0x0000000080000000, 0x0000000100000000)
  region size 1024K, 86 young (88064K), 3 survivors (3072K)
 Metaspace       used 113339K, capacity 116438K, committed 116572K, reserved 1150976K
  class space    used 14644K, capacity 15875K, committed 15948K, reserved 1048576K
}
Event: 71.772 GC heap after
{Heap after GC invocations=50 (full 0):
 garbage-first heap   total 435200K, used 228887K [0x0000000080000000, 0x0000000100000000)
  region size 1024K, 11 young (11264K), 11 survivors (11264K)
 Metaspace       used 113339K, capacity 116438K, committed 116572K, reserved 1150976K
  class space    used 14644K, capacity 15875K, committed 15948K, reserved 1048576K
}
Event: 73.969 GC heap before
{Heap before GC invocations=51 (full 0):
 garbage-first heap   total 435200K, used 287255K [0x0000000080000000, 0x0000000100000000)
  region size 1024K, 111 young (113664K), 11 survivors (11264K)
 Metaspace       used 113710K, capacity 116877K, committed 117084K, reserved 1150976K
  class space    used 14651K, capacity 15886K, committed 15948K, reserved 1048576K
}
Event: 74.049 GC heap after
{Heap after GC invocations=52 (full 0):
 garbage-first heap   total 435200K, used 177297K [0x0000000080000000, 0x0000000100000000)
  region size 1024K, 14 young (14336K), 14 survivors (14336K)
 Metaspace       used 113710K, capacity 116877K, committed 117084K, reserved 1150976K
  class space    used 14651K, capacity 15886K, committed 15948K, reserved 1048576K
}
Event: 74.100 GC heap before
{Heap before GC invocations=52 (full 0):
 garbage-first heap   total 435200K, used 185489K [0x0000000080000000, 0x0000000100000000)
  region size 1024K, 21 young (21504K), 14 survivors (14336K)
 Metaspace       used 113712K, capacity 116877K, committed 117084K, reserved 1150976K
  class space    used 14651K, capacity 15886K, committed 15948K, reserved 1048576K
}
Event: 74.151 GC heap after
{Heap after GC invocations=53 (full 0):
 garbage-first heap   total 435200K, used 153449K [0x0000000080000000, 0x0000000100000000)
  region size 1024K, 3 young (3072K), 3 survivors (3072K)
 Metaspace       used 113712K, capacity 116877K, committed 117084K, reserved 1150976K
  class space    used 14651K, capacity 15886K, committed 15948K, reserved 1048576K
}
Event: 74.596 GC heap before
{Heap before GC invocations=53 (full 0):
 garbage-first heap   total 435200K, used 190313K [0x0000000080000000, 0x0000000100000000)
  region size 1024K, 40 young (40960K), 3 survivors (3072K)
 Metaspace       used 113713K, capacity 116877K, committed 117084K, reserved 1150976K
  class space    used 14651K, capacity 15886K, committed 15948K, reserved 1048576K
}
Event: 74.647 GC heap after
{Heap after GC invocations=54 (full 0):
 garbage-first heap   total 435200K, used 173568K [0x0000000080000000, 0x0000000100000000)
  region size 1024K, 5 young (5120K), 5 survivors (5120K)
 Metaspace       used 113713K, capacity 116877K, committed 117084K, reserved 1150976K
  class space    used 14651K, capacity 15886K, committed 15948K, reserved 1048576K
}
Event: 75.099 GC heap before
{Heap before GC invocations=54 (full 0):
 garbage-first heap   total 435200K, used 214528K [0x0000000080000000, 0x0000000100000000)
  region size 1024K, 43 young (44032K), 5 survivors (5120K)
 Metaspace       used 113713K, capacity 116877K, committed 117084K, reserved 1150976K
  class space    used 14651K, capacity 15886K, committed 15948K, reserved 1048576K
}
Event: 75.163 GC heap after
{Heap after GC invocations=55 (full 0):
 garbage-first heap   total 435200K, used 197120K [0x0000000080000000, 0x0000000100000000)
  region size 1024K, 6 young (6144K), 6 survivors (6144K)
 Metaspace       used 113713K, capacity 116877K, committed 117084K, reserved 1150976K
  class space    used 14651K, capacity 15886K, committed 15948K, reserved 1048576K
}
Event: 75.688 GC heap before
{Heap before GC invocations=55 (full 0):
 garbage-first heap   total 435200K, used 238080K [0x0000000080000000, 0x0000000100000000)
  region size 1024K, 46 young (47104K), 6 survivors (6144K)
 Metaspace       used 113719K, capacity 116877K, committed 117084K, reserved 1150976K
  class space    used 14651K, capacity 15886K, committed 15948K, reserved 1048576K
}
Event: 75.735 GC heap after
{Heap after GC invocations=56 (full 0):
 garbage-first heap   total 435200K, used 209408K [0x0000000080000000, 0x0000000100000000)
  region size 1024K, 6 young (6144K), 6 survivors (6144K)
 Metaspace       used 113719K, capacity 116877K, committed 117084K, reserved 1150976K
  class space    used 14651K, capacity 15886K, committed 15948K, reserved 1048576K
}
Event: 76.718 GC heap before
{Heap before GC invocations=56 (full 0):
 garbage-first heap   total 435200K, used 266752K [0x0000000080000000, 0x0000000100000000)
  region size 1024K, 45 young (46080K), 6 survivors (6144K)
 Metaspace       used 113725K, capacity 116941K, committed 117084K, reserved 1150976K
  class space    used 14651K, capacity 15886K, committed 15948K, reserved 1048576K
}
Event: 76.774 GC heap after
{Heap after GC invocations=57 (full 0):
 garbage-first heap   total 435200K, used 236288K [0x0000000080000000, 0x0000000100000000)
  region size 1024K, 6 young (6144K), 6 survivors (6144K)
 Metaspace       used 113725K, capacity 116941K, committed 117084K, reserved 1150976K
  class space    used 14651K, capacity 15886K, committed 15948K, reserved 1048576K
}
Event: 77.114 GC heap before
{Heap before GC invocations=57 (full 0):
 garbage-first heap   total 435200K, used 294656K [0x0000000080000000, 0x0000000100000000)
  region size 1024K, 56 young (57344K), 6 survivors (6144K)
 Metaspace       used 113726K, capacity 116941K, committed 117084K, reserved 1150976K
  class space    used 14651K, capacity 15886K, committed 15948K, reserved 1048576K
}
Event: 77.142 GC heap after
{Heap after GC invocations=58 (full 0):
 garbage-first heap   total 435200K, used 253830K [0x0000000080000000, 0x0000000100000000)
  region size 1024K, 7 young (7168K), 7 survivors (7168K)
 Metaspace       used 113726K, capacity 116941K, committed 117084K, reserved 1150976K
  class space    used 14651K, capacity 15886K, committed 15948K, reserved 1048576K
}
Event: 77.788 GC heap before
{Heap before GC invocations=58 (full 0):
 garbage-first heap   total 435200K, used 342918K [0x0000000080000000, 0x0000000100000000)
  region size 1024K, 67 young (68608K), 7 survivors (7168K)
 Metaspace       used 113732K, capacity 116943K, committed 117084K, reserved 1150976K
  class space    used 14651K, capacity 15886K, committed 15948K, reserved 1048576K
}
Event: 77.807 GC heap after
{Heap after GC invocations=59 (full 0):
 garbage-first heap   total 435200K, used 258196K [0x0000000080000000, 0x0000000100000000)
  region size 1024K, 4 young (4096K), 4 survivors (4096K)
 Metaspace       used 113732K, capacity 116943K, committed 117084K, reserved 1150976K
  class space    used 14651K, capacity 15886K, committed 15948K, reserved 1048576K
}
Event: 226.266 GC heap before
{Heap before GC invocations=59 (full 0):
 garbage-first heap   total 435200K, used 341140K [0x0000000080000000, 0x0000000100000000)
  region size 1024K, 66 young (67584K), 4 survivors (4096K)
 Metaspace       used 114385K, capacity 117639K, committed 117852K, reserved 1150976K
  class space    used 14673K, capacity 15922K, committed 15948K, reserved 1048576K
}
Event: 226.281 GC heap after
{Heap after GC invocations=60 (full 0):
 garbage-first heap   total 435200K, used 262474K [0x0000000080000000, 0x0000000100000000)
  region size 1024K, 8 young (8192K), 8 survivors (8192K)
 Metaspace       used 114385K, capacity 117639K, committed 117852K, reserved 1150976K
  class space    used 14673K, capacity 15922K, committed 15948K, reserved 1048576K
}

