# JRE version: OpenJDK Runtime Environment (11.0.13) (build 11.0.13+0-b1751.21-8125866)
# Java VM: OpenJDK 64-Bit Server VM (11.0.13+0-b1751.21-8125866, mixed mode, tiered, compressed oops, g1 gc, windows-amd64)
Heap:
 garbage-first heap   total 738304K, used 291217K [0x0000000080000000, 0x0000000100000000)
  region size 1024K, 2 young (2048K), 2 survivors (2048K)
 Metaspace       used 149485K, capacity 155185K, committed 155516K, reserved 1183744K
  class space    used 18221K, capacity 20316K, committed 20428K, reserved 1048576K
GC Heap History (20 events):
Event: 4721.591 GC heap after
{Heap after GC invocations=237 (full 0):
 garbage-first heap   total 485376K, used 206290K [0x0000000080000000, 0x0000000100000000)
  region size 1024K, 3 young (3072K), 3 survivors (3072K)
 Metaspace       used 149322K, capacity 155046K, committed 155260K, reserved 1183744K
  class space    used 18216K, capacity 20315K, committed 20428K, reserved 1048576K
}
Event: 4721.930 GC heap before
{Heap before GC invocations=237 (full 0):
 garbage-first heap   total 485376K, used 230866K [0x0000000080000000, 0x0000000100000000)
  region size 1024K, 29 young (29696K), 3 survivors (3072K)
 Metaspace       used 149384K, capacity 155113K, committed 155516K, reserved 1183744K
  class space    used 18219K, capacity 20316K, committed 20428K, reserved 1048576K
}
Event: 4721.950 GC heap after
{Heap after GC invocations=238 (full 0):
 garbage-first heap   total 485376K, used 209889K [0x0000000080000000, 0x0000000100000000)
  region size 1024K, 7 young (7168K), 7 survivors (7168K)
 Metaspace       used 149384K, capacity 155113K, committed 155516K, reserved 1183744K
  class space    used 18219K, capacity 20316K, committed 20428K, reserved 1048576K
}
Event: 4723.137 GC heap before
{Heap before GC invocations=239 (full 0):
 garbage-first heap   total 485376K, used 351201K [0x0000000080000000, 0x0000000100000000)
  region size 1024K, 106 young (108544K), 7 survivors (7168K)
 Metaspace       used 149430K, capacity 155115K, committed 155516K, reserved 1183744K
  class space    used 18221K, capacity 20316K, committed 20428K, reserved 1048576K
}
Event: 4723.164 GC heap after
{Heap after GC invocations=240 (full 0):
 garbage-first heap   total 485376K, used 234927K [0x0000000080000000, 0x0000000100000000)
  region size 1024K, 14 young (14336K), 14 survivors (14336K)
 Metaspace       used 149430K, capacity 155115K, committed 155516K, reserved 1183744K
  class space    used 18221K, capacity 20316K, committed 20428K, reserved 1048576K
}
Event: 4723.197 GC heap before
{Heap before GC invocations=240 (full 0):
 garbage-first heap   total 485376K, used 245167K [0x0000000080000000, 0x0000000100000000)
  region size 1024K, 23 young (23552K), 14 survivors (14336K)
 Metaspace       used 149430K, capacity 155115K, committed 155516K, reserved 1183744K
  class space    used 18221K, capacity 20316K, committed 20428K, reserved 1048576K
}
Event: 4723.243 GC heap after
{Heap after GC invocations=241 (full 0):
 garbage-first heap   total 485376K, used 221405K [0x0000000080000000, 0x0000000100000000)
  region size 1024K, 3 young (3072K), 3 survivors (3072K)
 Metaspace       used 149430K, capacity 155115K, committed 155516K, reserved 1183744K
  class space    used 18221K, capacity 20316K, committed 20428K, reserved 1048576K
}
Event: 4723.276 GC heap before
{Heap before GC invocations=241 (full 0):
 garbage-first heap   total 485376K, used 230621K [0x0000000080000000, 0x0000000100000000)
  region size 1024K, 13 young (13312K), 3 survivors (3072K)
 Metaspace       used 149430K, capacity 155115K, committed 155516K, reserved 1183744K
  class space    used 18221K, capacity 20316K, committed 20428K, reserved 1048576K
}
Event: 4723.304 GC heap after
{Heap after GC invocations=242 (full 0):
 garbage-first heap   total 485376K, used 226418K [0x0000000080000000, 0x0000000100000000)
  region size 1024K, 8 young (8192K), 8 survivors (8192K)
 Metaspace       used 149430K, capacity 155115K, committed 155516K, reserved 1183744K
  class space    used 18221K, capacity 20316K, committed 20428K, reserved 1048576K
}
Event: 4723.995 GC heap before
{Heap before GC invocations=242 (full 0):
 garbage-first heap   total 485376K, used 325746K [0x0000000080000000, 0x0000000100000000)
  region size 1024K, 104 young (106496K), 8 survivors (8192K)
 Metaspace       used 149475K, capacity 155185K, committed 155516K, reserved 1183744K
  class space    used 18221K, capacity 20316K, committed 20428K, reserved 1048576K
}
Event: 4724.125 GC heap after
{Heap after GC invocations=243 (full 0):
 garbage-first heap   total 485376K, used 274004K [0x0000000080000000, 0x0000000100000000)
  region size 1024K, 13 young (13312K), 13 survivors (13312K)
 Metaspace       used 149475K, capacity 155185K, committed 155516K, reserved 1183744K
  class space    used 18221K, capacity 20316K, committed 20428K, reserved 1048576K
}
Event: 4724.825 GC heap before
{Heap before GC invocations=244 (full 0):
 garbage-first heap   total 485376K, used 325204K [0x0000000080000000, 0x0000000100000000)
  region size 1024K, 50 young (51200K), 13 survivors (13312K)
 Metaspace       used 149482K, capacity 155185K, committed 155516K, reserved 1183744K
  class space    used 18221K, capacity 20316K, committed 20428K, reserved 1048576K
}
Event: 4724.936 GC heap after
{Heap after GC invocations=245 (full 0):
 garbage-first heap   total 485376K, used 292224K [0x0000000080000000, 0x0000000100000000)
  region size 1024K, 5 young (5120K), 5 survivors (5120K)
 Metaspace       used 149482K, capacity 155185K, committed 155516K, reserved 1183744K
  class space    used 18221K, capacity 20316K, committed 20428K, reserved 1048576K
}
Event: 4725.164 GC heap before
{Heap before GC invocations=245 (full 0):
 garbage-first heap   total 485376K, used 314752K [0x0000000080000000, 0x0000000100000000)
  region size 1024K, 23 young (23552K), 5 survivors (5120K)
 Metaspace       used 149482K, capacity 155185K, committed 155516K, reserved 1183744K
  class space    used 18221K, capacity 20316K, committed 20428K, reserved 1048576K
}
Event: 4725.225 GC heap after
{Heap after GC invocations=246 (full 0):
 garbage-first heap   total 485376K, used 288768K [0x0000000080000000, 0x0000000100000000)
  region size 1024K, 2 young (2048K), 2 survivors (2048K)
 Metaspace       used 149482K, capacity 155185K, committed 155516K, reserved 1183744K
  class space    used 18221K, capacity 20316K, committed 20428K, reserved 1048576K
}
Event: 4725.309 GC heap before
{Heap before GC invocations=246 (full 0):
 garbage-first heap   total 485376K, used 307200K [0x0000000080000000, 0x0000000100000000)
  region size 1024K, 21 young (21504K), 2 survivors (2048K)
 Metaspace       used 149484K, capacity 155185K, committed 155516K, reserved 1183744K
  class space    used 18221K, capacity 20316K, committed 20428K, reserved 1048576K
}
Event: 4725.327 GC heap after
{Heap after GC invocations=247 (full 0):
 garbage-first heap   total 485376K, used 291072K [0x0000000080000000, 0x0000000100000000)
  region size 1024K, 5 young (5120K), 5 survivors (5120K)
 Metaspace       used 149484K, capacity 155185K, committed 155516K, reserved 1183744K
  class space    used 18221K, capacity 20316K, committed 20428K, reserved 1048576K
}
Event: 4725.516 GC heap before
{Heap before GC invocations=247 (full 0):
 garbage-first heap   total 485376K, used 364800K [0x0000000080000000, 0x0000000100000000)
  region size 1024K, 70 young (71680K), 5 survivors (5120K)
 Metaspace       used 149484K, capacity 155185K, committed 155516K, reserved 1183744K
  class space    used 18221K, capacity 20316K, committed 20428K, reserved 1048576K
}
Event: 4725.535 GC heap after
{Heap after GC invocations=248 (full 0):
 garbage-first heap   total 485376K, used 307976K [0x0000000080000000, 0x0000000100000000)
  region size 1024K, 9 young (9216K), 9 survivors (9216K)
 Metaspace       used 149484K, capacity 155185K, committed 155516K, reserved 1183744K
  class space    used 18221K, capacity 20316K, committed 20428K, reserved 1048576K
}
Event: 4726.797 GC heap before
{Heap before GC invocations=249 (full 0):
 garbage-first heap   total 485376K, used 405256K [0x0000000080000000, 0x0000000100000000)
  region size 1024K, 71 young (72704K), 9 survivors (9216K)
 Metaspace       used 149485K, capacity 155185K, committed 155516K, reserved 1183744K
  class space    used 18221K, capacity 20316K, committed 20428K, reserved 1048576K
}

